{"C:\\Users\\aless\\OneDrive\\Escritorio\\pf\\BookLoop\\backend\\src\\config\\db.js":{"path":"C:\\Users\\aless\\OneDrive\\Escritorio\\pf\\BookLoop\\backend\\src\\config\\db.js","statementMap":{"0":{"start":{"line":1,"column":25},"end":{"line":1,"column":57}},"1":{"start":{"line":2,"column":0},"end":{"line":2,"column":27}},"2":{"start":{"line":4,"column":20},"end":{"line":4,"column":44}},"3":{"start":{"line":5,"column":20},"end":{"line":5,"column":85}},"4":{"start":{"line":7,"column":17},"end":{"line":7,"column":55}},"5":{"start":{"line":9,"column":0},"end":{"line":9,"column":26}}},"fnMap":{},"branchMap":{"0":{"loc":{"start":{"line":5,"column":20},"end":{"line":5,"column":85}},"type":"binary-expr","locations":[{"start":{"line":5,"column":20},"end":{"line":5,"column":57}},{"start":{"line":5,"column":61},"end":{"line":5,"column":85}}],"line":5}},"s":{"0":4,"1":4,"2":4,"3":4,"4":4,"5":4},"f":{},"b":{"0":[4,0]},"_coverageSchema":"1a1c01bbd47fc00a2c39e90264f33305004495a9","hash":"d308ab97c920da15b6f79e78fc068d3eedfbe31d","contentHash":"5ae961ef0cac0ef00830012d7201b00cf944e50fac6f935d5dc0e7a74d8130a5"},"C:\\Users\\aless\\OneDrive\\Escritorio\\pf\\BookLoop\\backend\\src\\controllers\\bookController.js":{"path":"C:\\Users\\aless\\OneDrive\\Escritorio\\pf\\BookLoop\\backend\\src\\controllers\\bookController.js","statementMap":{"0":{"start":{"line":1,"column":14},"end":{"line":1,"column":30}},"1":{"start":{"line":2,"column":17},"end":{"line":2,"column":37}},"2":{"start":{"line":3,"column":15},"end":{"line":3,"column":35}},"3":{"start":{"line":4,"column":14},"end":{"line":4,"column":40}},"4":{"start":{"line":5,"column":17},"end":{"line":5,"column":46}},"5":{"start":{"line":6,"column":13},"end":{"line":6,"column":28}},"6":{"start":{"line":7,"column":11},"end":{"line":7,"column":24}},"7":{"start":{"line":8,"column":15},"end":{"line":8,"column":32}},"8":{"start":{"line":10,"column":29},"end":{"line":10,"column":74}},"9":{"start":{"line":13,"column":16},"end":{"line":25,"column":2}},"10":{"start":{"line":15,"column":23},"end":{"line":15,"column":60}},"11":{"start":{"line":16,"column":4},"end":{"line":18,"column":5}},"12":{"start":{"line":17,"column":6},"end":{"line":17,"column":31}},"13":{"start":{"line":19,"column":4},"end":{"line":19,"column":25}},"14":{"start":{"line":22,"column":25},"end":{"line":22,"column":75}},"15":{"start":{"line":23,"column":4},"end":{"line":23,"column":61}},"16":{"start":{"line":26,"column":15},"end":{"line":26,"column":34}},"17":{"start":{"line":29,"column":20},"end":{"line":39,"column":1}},"18":{"start":{"line":32,"column":4},"end":{"line":34,"column":5}},"19":{"start":{"line":33,"column":6},"end":{"line":33,"column":77}},"20":{"start":{"line":36,"column":21},"end":{"line":36,"column":52}},"21":{"start":{"line":37,"column":4},"end":{"line":37,"column":27}},"22":{"start":{"line":42,"column":17},"end":{"line":77,"column":1}},"23":{"start":{"line":43,"column":2},"end":{"line":76,"column":3}},"24":{"start":{"line":45,"column":35},"end":{"line":48,"column":31}},"25":{"start":{"line":49,"column":4},"end":{"line":49,"column":27}},"26":{"start":{"line":49,"column":15},"end":{"line":49,"column":27}},"27":{"start":{"line":51,"column":28},"end":{"line":71,"column":7}},"28":{"start":{"line":52,"column":19},"end":{"line":52,"column":60}},"29":{"start":{"line":54,"column":6},"end":{"line":61,"column":7}},"30":{"start":{"line":54,"column":54},"end":{"line":54,"column":85}},"31":{"start":{"line":55,"column":8},"end":{"line":60,"column":9}},"32":{"start":{"line":56,"column":10},"end":{"line":56,"column":87}},"33":{"start":{"line":57,"column":10},"end":{"line":57,"column":61}},"34":{"start":{"line":59,"column":10},"end":{"line":59,"column":79}},"35":{"start":{"line":62,"column":28},"end":{"line":62,"column":131}},"36":{"start":{"line":63,"column":6},"end":{"line":70,"column":8}},"37":{"start":{"line":66,"column":34},"end":{"line":66,"column":47}},"38":{"start":{"line":72,"column":4},"end":{"line":72,"column":30}},"39":{"start":{"line":74,"column":4},"end":{"line":74,"column":53}},"40":{"start":{"line":75,"column":4},"end":{"line":75,"column":65}},"41":{"start":{"line":80,"column":20},"end":{"line":115,"column":1}},"42":{"start":{"line":81,"column":2},"end":{"line":114,"column":3}},"43":{"start":{"line":83,"column":34},"end":{"line":87,"column":15}},"44":{"start":{"line":88,"column":4},"end":{"line":90,"column":5}},"45":{"start":{"line":89,"column":6},"end":{"line":89,"column":70}},"46":{"start":{"line":92,"column":17},"end":{"line":92,"column":58}},"47":{"start":{"line":94,"column":4},"end":{"line":101,"column":5}},"48":{"start":{"line":94,"column":52},"end":{"line":94,"column":83}},"49":{"start":{"line":95,"column":6},"end":{"line":100,"column":7}},"50":{"start":{"line":96,"column":8},"end":{"line":96,"column":85}},"51":{"start":{"line":97,"column":8},"end":{"line":97,"column":59}},"52":{"start":{"line":99,"column":8},"end":{"line":99,"column":77}},"53":{"start":{"line":102,"column":26},"end":{"line":102,"column":112}},"54":{"start":{"line":103,"column":4},"end":{"line":110,"column":7}},"55":{"start":{"line":106,"column":32},"end":{"line":106,"column":45}},"56":{"start":{"line":112,"column":4},"end":{"line":112,"column":52}},"57":{"start":{"line":113,"column":4},"end":{"line":113,"column":64}},"58":{"start":{"line":118,"column":19},"end":{"line":234,"column":1}},"59":{"start":{"line":119,"column":2},"end":{"line":233,"column":3}},"60":{"start":{"line":138,"column":8},"end":{"line":138,"column":16}},"61":{"start":{"line":140,"column":4},"end":{"line":144,"column":5}},"62":{"start":{"line":141,"column":6},"end":{"line":143,"column":9}},"63":{"start":{"line":147,"column":4},"end":{"line":160,"column":5}},"64":{"start":{"line":148,"column":6},"end":{"line":159,"column":7}},"65":{"start":{"line":150,"column":23},"end":{"line":150,"column":42}},"66":{"start":{"line":151,"column":8},"end":{"line":155,"column":9}},"67":{"start":{"line":152,"column":10},"end":{"line":152,"column":27}},"68":{"start":{"line":154,"column":10},"end":{"line":154,"column":30}},"69":{"start":{"line":158,"column":8},"end":{"line":158,"column":56}},"70":{"start":{"line":158,"column":46},"end":{"line":158,"column":54}},"71":{"start":{"line":163,"column":4},"end":{"line":165,"column":5}},"72":{"start":{"line":164,"column":6},"end":{"line":164,"column":102}},"73":{"start":{"line":164,"column":48},"end":{"line":164,"column":84}},"74":{"start":{"line":168,"column":24},"end":{"line":168,"column":32}},"75":{"start":{"line":169,"column":4},"end":{"line":178,"column":5}},"76":{"start":{"line":170,"column":6},"end":{"line":177,"column":7}},"77":{"start":{"line":171,"column":25},"end":{"line":171,"column":87}},"78":{"start":{"line":172,"column":8},"end":{"line":174,"column":9}},"79":{"start":{"line":173,"column":10},"end":{"line":173,"column":81}},"80":{"start":{"line":176,"column":8},"end":{"line":176,"column":73}},"81":{"start":{"line":180,"column":16},"end":{"line":180,"column":26}},"82":{"start":{"line":181,"column":17},"end":{"line":200,"column":6}},"83":{"start":{"line":203,"column":26},"end":{"line":203,"column":28}},"84":{"start":{"line":204,"column":20},"end":{"line":204,"column":22}},"85":{"start":{"line":205,"column":19},"end":{"line":205,"column":32}},"86":{"start":{"line":208,"column":4},"end":{"line":221,"column":5}},"87":{"start":{"line":210,"column":6},"end":{"line":214,"column":7}},"88":{"start":{"line":211,"column":8},"end":{"line":211,"column":42}},"89":{"start":{"line":213,"column":8},"end":{"line":213,"column":45}},"90":{"start":{"line":215,"column":6},"end":{"line":217,"column":9}},"91":{"start":{"line":216,"column":8},"end":{"line":216,"column":92}},"92":{"start":{"line":218,"column":11},"end":{"line":221,"column":5}},"93":{"start":{"line":220,"column":6},"end":{"line":220,"column":97}},"94":{"start":{"line":223,"column":4},"end":{"line":223,"column":49}},"95":{"start":{"line":226,"column":4},"end":{"line":226,"column":55}},"96":{"start":{"line":229,"column":4},"end":{"line":229,"column":108}},"97":{"start":{"line":229,"column":90},"end":{"line":229,"column":103}},"98":{"start":{"line":231,"column":4},"end":{"line":231,"column":50}},"99":{"start":{"line":232,"column":4},"end":{"line":232,"column":62}},"100":{"start":{"line":237,"column":19},"end":{"line":383,"column":1}},"101":{"start":{"line":238,"column":2},"end":{"line":382,"column":3}},"102":{"start":{"line":254,"column":8},"end":{"line":254,"column":16}},"103":{"start":{"line":256,"column":4},"end":{"line":258,"column":5}},"104":{"start":{"line":257,"column":6},"end":{"line":257,"column":86}},"105":{"start":{"line":257,"column":36},"end":{"line":257,"column":84}},"106":{"start":{"line":259,"column":17},"end":{"line":259,"column":54}},"107":{"start":{"line":260,"column":4},"end":{"line":262,"column":5}},"108":{"start":{"line":261,"column":6},"end":{"line":261,"column":70}},"109":{"start":{"line":265,"column":4},"end":{"line":276,"column":5}},"110":{"start":{"line":266,"column":6},"end":{"line":275,"column":7}},"111":{"start":{"line":267,"column":23},"end":{"line":267,"column":42}},"112":{"start":{"line":268,"column":8},"end":{"line":272,"column":9}},"113":{"start":{"line":269,"column":10},"end":{"line":269,"column":27}},"114":{"start":{"line":271,"column":10},"end":{"line":271,"column":30}},"115":{"start":{"line":274,"column":8},"end":{"line":274,"column":56}},"116":{"start":{"line":274,"column":46},"end":{"line":274,"column":54}},"117":{"start":{"line":277,"column":4},"end":{"line":279,"column":5}},"118":{"start":{"line":278,"column":6},"end":{"line":278,"column":102}},"119":{"start":{"line":278,"column":48},"end":{"line":278,"column":84}},"120":{"start":{"line":281,"column":4},"end":{"line":283,"column":5}},"121":{"start":{"line":285,"column":4},"end":{"line":301,"column":5}},"122":{"start":{"line":287,"column":28},"end":{"line":287,"column":69}},"123":{"start":{"line":288,"column":26},"end":{"line":288,"column":65}},"124":{"start":{"line":288,"column":51},"end":{"line":288,"column":64}},"125":{"start":{"line":290,"column":6},"end":{"line":294,"column":7}},"126":{"start":{"line":291,"column":8},"end":{"line":293,"column":9}},"127":{"start":{"line":292,"column":10},"end":{"line":292,"column":80}},"128":{"start":{"line":296,"column":6},"end":{"line":300,"column":7}},"129":{"start":{"line":297,"column":8},"end":{"line":299,"column":9}},"130":{"start":{"line":298,"column":10},"end":{"line":298,"column":48}},"131":{"start":{"line":303,"column":24},"end":{"line":303,"column":65}},"132":{"start":{"line":304,"column":22},"end":{"line":304,"column":61}},"133":{"start":{"line":304,"column":47},"end":{"line":304,"column":60}},"134":{"start":{"line":307,"column":4},"end":{"line":318,"column":5}},"135":{"start":{"line":308,"column":6},"end":{"line":314,"column":7}},"136":{"start":{"line":309,"column":8},"end":{"line":309,"column":80}},"137":{"start":{"line":309,"column":57},"end":{"line":309,"column":80}},"138":{"start":{"line":310,"column":8},"end":{"line":310,"column":36}},"139":{"start":{"line":311,"column":8},"end":{"line":313,"column":9}},"140":{"start":{"line":312,"column":10},"end":{"line":312,"column":41}},"141":{"start":{"line":316,"column":6},"end":{"line":316,"column":64}},"142":{"start":{"line":317,"column":6},"end":{"line":317,"column":60}},"143":{"start":{"line":317,"column":45},"end":{"line":317,"column":58}},"144":{"start":{"line":321,"column":4},"end":{"line":330,"column":5}},"145":{"start":{"line":322,"column":6},"end":{"line":326,"column":7}},"146":{"start":{"line":323,"column":8},"end":{"line":325,"column":9}},"147":{"start":{"line":324,"column":10},"end":{"line":324,"column":80}},"148":{"start":{"line":328,"column":6},"end":{"line":328,"column":64}},"149":{"start":{"line":329,"column":6},"end":{"line":329,"column":60}},"150":{"start":{"line":329,"column":45},"end":{"line":329,"column":58}},"151":{"start":{"line":333,"column":24},"end":{"line":333,"column":37}},"152":{"start":{"line":334,"column":4},"end":{"line":342,"column":5}},"153":{"start":{"line":335,"column":6},"end":{"line":335,"column":36}},"154":{"start":{"line":336,"column":11},"end":{"line":342,"column":5}},"155":{"start":{"line":337,"column":6},"end":{"line":337,"column":48}},"156":{"start":{"line":338,"column":11},"end":{"line":342,"column":5}},"157":{"start":{"line":339,"column":6},"end":{"line":339,"column":58}},"158":{"start":{"line":341,"column":6},"end":{"line":341,"column":66}},"159":{"start":{"line":345,"column":22},"end":{"line":345,"column":32}},"160":{"start":{"line":347,"column":20},"end":{"line":347,"column":22}},"161":{"start":{"line":348,"column":4},"end":{"line":348,"column":51}},"162":{"start":{"line":348,"column":29},"end":{"line":348,"column":51}},"163":{"start":{"line":349,"column":4},"end":{"line":349,"column":57}},"164":{"start":{"line":349,"column":31},"end":{"line":349,"column":57}},"165":{"start":{"line":350,"column":4},"end":{"line":350,"column":69}},"166":{"start":{"line":350,"column":35},"end":{"line":350,"column":69}},"167":{"start":{"line":351,"column":4},"end":{"line":351,"column":51}},"168":{"start":{"line":351,"column":29},"end":{"line":351,"column":51}},"169":{"start":{"line":352,"column":4},"end":{"line":352,"column":63}},"170":{"start":{"line":352,"column":33},"end":{"line":352,"column":63}},"171":{"start":{"line":353,"column":4},"end":{"line":353,"column":60}},"172":{"start":{"line":353,"column":32},"end":{"line":353,"column":60}},"173":{"start":{"line":354,"column":4},"end":{"line":354,"column":96}},"174":{"start":{"line":354,"column":33},"end":{"line":354,"column":96}},"175":{"start":{"line":355,"column":4},"end":{"line":355,"column":84}},"176":{"start":{"line":355,"column":40},"end":{"line":355,"column":84}},"177":{"start":{"line":356,"column":4},"end":{"line":356,"column":63}},"178":{"start":{"line":356,"column":33},"end":{"line":356,"column":63}},"179":{"start":{"line":357,"column":4},"end":{"line":357,"column":116}},"180":{"start":{"line":357,"column":35},"end":{"line":357,"column":116}},"181":{"start":{"line":358,"column":4},"end":{"line":358,"column":128}},"182":{"start":{"line":358,"column":41},"end":{"line":358,"column":128}},"183":{"start":{"line":359,"column":4},"end":{"line":359,"column":133}},"184":{"start":{"line":359,"column":42},"end":{"line":359,"column":133}},"185":{"start":{"line":360,"column":4},"end":{"line":360,"column":133}},"186":{"start":{"line":360,"column":42},"end":{"line":360,"column":133}},"187":{"start":{"line":361,"column":4},"end":{"line":361,"column":87}},"188":{"start":{"line":361,"column":37},"end":{"line":361,"column":87}},"189":{"start":{"line":362,"column":4},"end":{"line":362,"column":75}},"190":{"start":{"line":362,"column":37},"end":{"line":362,"column":75}},"191":{"start":{"line":363,"column":4},"end":{"line":363,"column":63}},"192":{"start":{"line":363,"column":33},"end":{"line":363,"column":63}},"193":{"start":{"line":364,"column":4},"end":{"line":364,"column":54}},"194":{"start":{"line":364,"column":30},"end":{"line":364,"column":54}},"195":{"start":{"line":367,"column":4},"end":{"line":367,"column":52}},"196":{"start":{"line":369,"column":4},"end":{"line":374,"column":5}},"197":{"start":{"line":370,"column":6},"end":{"line":370,"column":65}},"198":{"start":{"line":372,"column":6},"end":{"line":372,"column":62}},"199":{"start":{"line":373,"column":6},"end":{"line":373,"column":102}},"200":{"start":{"line":377,"column":26},"end":{"line":377,"column":67}},"201":{"start":{"line":378,"column":4},"end":{"line":378,"column":105}},"202":{"start":{"line":378,"column":87},"end":{"line":378,"column":100}},"203":{"start":{"line":380,"column":4},"end":{"line":380,"column":55}},"204":{"start":{"line":381,"column":4},"end":{"line":381,"column":89}},"205":{"start":{"line":386,"column":19},"end":{"line":415,"column":1}},"206":{"start":{"line":387,"column":2},"end":{"line":414,"column":3}},"207":{"start":{"line":388,"column":17},"end":{"line":388,"column":54}},"208":{"start":{"line":389,"column":4},"end":{"line":391,"column":5}},"209":{"start":{"line":390,"column":6},"end":{"line":390,"column":70}},"210":{"start":{"line":393,"column":4},"end":{"line":398,"column":5}},"211":{"start":{"line":394,"column":23},"end":{"line":394,"column":52}},"212":{"start":{"line":395,"column":6},"end":{"line":395,"column":58}},"213":{"start":{"line":397,"column":6},"end":{"line":397,"column":69}},"214":{"start":{"line":400,"column":4},"end":{"line":408,"column":5}},"215":{"start":{"line":401,"column":20},"end":{"line":401,"column":46}},"216":{"start":{"line":402,"column":21},"end":{"line":402,"column":62}},"217":{"start":{"line":403,"column":6},"end":{"line":405,"column":7}},"218":{"start":{"line":404,"column":8},"end":{"line":404,"column":40}},"219":{"start":{"line":407,"column":6},"end":{"line":407,"column":69}},"220":{"start":{"line":409,"column":4},"end":{"line":409,"column":40}},"221":{"start":{"line":410,"column":4},"end":{"line":410,"column":59}},"222":{"start":{"line":412,"column":4},"end":{"line":412,"column":71}},"223":{"start":{"line":413,"column":4},"end":{"line":413,"column":90}},"224":{"start":{"line":417,"column":20},"end":{"line":449,"column":1}},"225":{"start":{"line":418,"column":4},"end":{"line":448,"column":5}},"226":{"start":{"line":419,"column":26},"end":{"line":419,"column":35}},"227":{"start":{"line":420,"column":25},"end":{"line":425,"column":10}},"228":{"start":{"line":427,"column":22},"end":{"line":442,"column":11}},"229":{"start":{"line":427,"column":55},"end":{"line":442,"column":9}},"230":{"start":{"line":444,"column":8},"end":{"line":444,"column":24}},"231":{"start":{"line":446,"column":8},"end":{"line":446,"column":56}},"232":{"start":{"line":447,"column":8},"end":{"line":447,"column":82}},"233":{"start":{"line":451,"column":25},"end":{"line":507,"column":1}},"234":{"start":{"line":452,"column":4},"end":{"line":506,"column":5}},"235":{"start":{"line":453,"column":34},"end":{"line":453,"column":42}},"236":{"start":{"line":456,"column":29},"end":{"line":458,"column":10}},"237":{"start":{"line":460,"column":8},"end":{"line":465,"column":9}},"238":{"start":{"line":462,"column":12},"end":{"line":462,"column":53}},"239":{"start":{"line":463,"column":12},"end":{"line":463,"column":40}},"240":{"start":{"line":464,"column":12},"end":{"line":464,"column":42}},"241":{"start":{"line":468,"column":25},"end":{"line":468,"column":84}},"242":{"start":{"line":469,"column":25},"end":{"line":469,"column":49}},"243":{"start":{"line":472,"column":23},"end":{"line":472,"column":27}},"244":{"start":{"line":473,"column":8},"end":{"line":476,"column":9}},"245":{"start":{"line":475,"column":12},"end":{"line":475,"column":72}},"246":{"start":{"line":479,"column":24},"end":{"line":495,"column":10}},"247":{"start":{"line":497,"column":8},"end":{"line":497,"column":38}},"248":{"start":{"line":499,"column":8},"end":{"line":499,"column":66}},"249":{"start":{"line":500,"column":8},"end":{"line":500,"column":51}},"250":{"start":{"line":501,"column":8},"end":{"line":505,"column":11}},"251":{"start":{"line":509,"column":24},"end":{"line":517,"column":1}},"252":{"start":{"line":510,"column":2},"end":{"line":516,"column":3}},"253":{"start":{"line":511,"column":18},"end":{"line":511,"column":42}},"254":{"start":{"line":512,"column":4},"end":{"line":512,"column":20}},"255":{"start":{"line":514,"column":4},"end":{"line":514,"column":70}},"256":{"start":{"line":515,"column":4},"end":{"line":515,"column":80}},"257":{"start":{"line":520,"column":25},"end":{"line":546,"column":1}},"258":{"start":{"line":521,"column":19},"end":{"line":521,"column":28}},"259":{"start":{"line":522,"column":2},"end":{"line":524,"column":3}},"260":{"start":{"line":523,"column":4},"end":{"line":523,"column":61}},"261":{"start":{"line":525,"column":2},"end":{"line":545,"column":3}},"262":{"start":{"line":526,"column":21},"end":{"line":526,"column":98}},"263":{"start":{"line":527,"column":17},"end":{"line":527,"column":30}},"264":{"start":{"line":528,"column":4},"end":{"line":528,"column":67}},"265":{"start":{"line":529,"column":4},"end":{"line":542,"column":5}},"266":{"start":{"line":530,"column":19},"end":{"line":530,"column":43}},"267":{"start":{"line":531,"column":6},"end":{"line":539,"column":9}},"268":{"start":{"line":541,"column":6},"end":{"line":541,"column":90}},"269":{"start":{"line":544,"column":4},"end":{"line":544,"column":81}},"270":{"start":{"line":549,"column":23},"end":{"line":558,"column":1}},"271":{"start":{"line":550,"column":2},"end":{"line":557,"column":3}},"272":{"start":{"line":551,"column":23},"end":{"line":551,"column":33}},"273":{"start":{"line":552,"column":18},"end":{"line":552,"column":51}},"274":{"start":{"line":553,"column":4},"end":{"line":553,"column":20}},"275":{"start":{"line":555,"column":4},"end":{"line":555,"column":65}},"276":{"start":{"line":556,"column":4},"end":{"line":556,"column":77}},"277":{"start":{"line":560,"column":24},"end":{"line":587,"column":1}},"278":{"start":{"line":561,"column":20},"end":{"line":561,"column":29}},"279":{"start":{"line":562,"column":2},"end":{"line":564,"column":3}},"280":{"start":{"line":563,"column":4},"end":{"line":563,"column":24}},"281":{"start":{"line":565,"column":2},"end":{"line":586,"column":3}},"282":{"start":{"line":566,"column":18},"end":{"line":566,"column":42}},"283":{"start":{"line":567,"column":23},"end":{"line":567,"column":42}},"284":{"start":{"line":568,"column":21},"end":{"line":582,"column":6}},"285":{"start":{"line":570,"column":20},"end":{"line":570,"column":67}},"286":{"start":{"line":571,"column":22},"end":{"line":573,"column":44}},"287":{"start":{"line":574,"column":19},"end":{"line":574,"column":50}},"288":{"start":{"line":575,"column":23},"end":{"line":575,"column":59}},"289":{"start":{"line":576,"column":6},"end":{"line":581,"column":8}},"290":{"start":{"line":583,"column":4},"end":{"line":583,"column":23}},"291":{"start":{"line":585,"column":4},"end":{"line":585,"column":82}},"292":{"start":{"line":589,"column":0},"end":{"line":602,"column":2}}},"fnMap":{"0":{"name":"(anonymous_0)","decl":{"start":{"line":14,"column":15},"end":{"line":14,"column":16}},"loc":{"start":{"line":14,"column":40},"end":{"line":20,"column":3}},"line":14},"1":{"name":"(anonymous_1)","decl":{"start":{"line":21,"column":12},"end":{"line":21,"column":13}},"loc":{"start":{"line":21,"column":37},"end":{"line":24,"column":3}},"line":21},"2":{"name":"(anonymous_2)","decl":{"start":{"line":31,"column":2},"end":{"line":31,"column":3}},"loc":{"start":{"line":31,"column":16},"end":{"line":38,"column":3}},"line":31},"3":{"name":"(anonymous_3)","decl":{"start":{"line":42,"column":17},"end":{"line":42,"column":18}},"loc":{"start":{"line":42,"column":37},"end":{"line":77,"column":1}},"line":42},"4":{"name":"(anonymous_4)","decl":{"start":{"line":51,"column":56},"end":{"line":51,"column":57}},"loc":{"start":{"line":51,"column":72},"end":{"line":71,"column":5}},"line":51},"5":{"name":"(anonymous_5)","decl":{"start":{"line":54,"column":47},"end":{"line":54,"column":48}},"loc":{"start":{"line":54,"column":54},"end":{"line":54,"column":85}},"line":54},"6":{"name":"(anonymous_6)","decl":{"start":{"line":66,"column":27},"end":{"line":66,"column":28}},"loc":{"start":{"line":66,"column":34},"end":{"line":66,"column":47}},"line":66},"7":{"name":"(anonymous_7)","decl":{"start":{"line":80,"column":20},"end":{"line":80,"column":21}},"loc":{"start":{"line":80,"column":40},"end":{"line":115,"column":1}},"line":80},"8":{"name":"(anonymous_8)","decl":{"start":{"line":94,"column":45},"end":{"line":94,"column":46}},"loc":{"start":{"line":94,"column":52},"end":{"line":94,"column":83}},"line":94},"9":{"name":"(anonymous_9)","decl":{"start":{"line":106,"column":25},"end":{"line":106,"column":26}},"loc":{"start":{"line":106,"column":32},"end":{"line":106,"column":45}},"line":106},"10":{"name":"(anonymous_10)","decl":{"start":{"line":118,"column":19},"end":{"line":118,"column":20}},"loc":{"start":{"line":118,"column":39},"end":{"line":234,"column":1}},"line":118},"11":{"name":"(anonymous_11)","decl":{"start":{"line":158,"column":41},"end":{"line":158,"column":42}},"loc":{"start":{"line":158,"column":46},"end":{"line":158,"column":54}},"line":158},"12":{"name":"(anonymous_12)","decl":{"start":{"line":164,"column":43},"end":{"line":164,"column":44}},"loc":{"start":{"line":164,"column":48},"end":{"line":164,"column":84}},"line":164},"13":{"name":"(anonymous_13)","decl":{"start":{"line":215,"column":21},"end":{"line":215,"column":22}},"loc":{"start":{"line":215,"column":31},"end":{"line":217,"column":7}},"line":215},"14":{"name":"(anonymous_14)","decl":{"start":{"line":229,"column":83},"end":{"line":229,"column":84}},"loc":{"start":{"line":229,"column":90},"end":{"line":229,"column":103}},"line":229},"15":{"name":"(anonymous_15)","decl":{"start":{"line":237,"column":19},"end":{"line":237,"column":20}},"loc":{"start":{"line":237,"column":39},"end":{"line":383,"column":1}},"line":237},"16":{"name":"(anonymous_16)","decl":{"start":{"line":257,"column":29},"end":{"line":257,"column":30}},"loc":{"start":{"line":257,"column":36},"end":{"line":257,"column":84}},"line":257},"17":{"name":"(anonymous_17)","decl":{"start":{"line":274,"column":41},"end":{"line":274,"column":42}},"loc":{"start":{"line":274,"column":46},"end":{"line":274,"column":54}},"line":274},"18":{"name":"(anonymous_18)","decl":{"start":{"line":278,"column":43},"end":{"line":278,"column":44}},"loc":{"start":{"line":278,"column":48},"end":{"line":278,"column":84}},"line":278},"19":{"name":"(anonymous_19)","decl":{"start":{"line":288,"column":44},"end":{"line":288,"column":45}},"loc":{"start":{"line":288,"column":51},"end":{"line":288,"column":64}},"line":288},"20":{"name":"(anonymous_20)","decl":{"start":{"line":304,"column":40},"end":{"line":304,"column":41}},"loc":{"start":{"line":304,"column":47},"end":{"line":304,"column":60}},"line":304},"21":{"name":"(anonymous_21)","decl":{"start":{"line":317,"column":38},"end":{"line":317,"column":39}},"loc":{"start":{"line":317,"column":45},"end":{"line":317,"column":58}},"line":317},"22":{"name":"(anonymous_22)","decl":{"start":{"line":329,"column":38},"end":{"line":329,"column":39}},"loc":{"start":{"line":329,"column":45},"end":{"line":329,"column":58}},"line":329},"23":{"name":"(anonymous_23)","decl":{"start":{"line":378,"column":80},"end":{"line":378,"column":81}},"loc":{"start":{"line":378,"column":87},"end":{"line":378,"column":100}},"line":378},"24":{"name":"(anonymous_24)","decl":{"start":{"line":386,"column":19},"end":{"line":386,"column":20}},"loc":{"start":{"line":386,"column":39},"end":{"line":415,"column":1}},"line":386},"25":{"name":"(anonymous_25)","decl":{"start":{"line":417,"column":20},"end":{"line":417,"column":21}},"loc":{"start":{"line":417,"column":40},"end":{"line":449,"column":1}},"line":417},"26":{"name":"(anonymous_26)","decl":{"start":{"line":427,"column":46},"end":{"line":427,"column":47}},"loc":{"start":{"line":427,"column":55},"end":{"line":442,"column":9}},"line":427},"27":{"name":"(anonymous_27)","decl":{"start":{"line":451,"column":25},"end":{"line":451,"column":26}},"loc":{"start":{"line":451,"column":45},"end":{"line":507,"column":1}},"line":451},"28":{"name":"(anonymous_28)","decl":{"start":{"line":509,"column":24},"end":{"line":509,"column":25}},"loc":{"start":{"line":509,"column":44},"end":{"line":517,"column":1}},"line":509},"29":{"name":"(anonymous_29)","decl":{"start":{"line":520,"column":25},"end":{"line":520,"column":26}},"loc":{"start":{"line":520,"column":45},"end":{"line":546,"column":1}},"line":520},"30":{"name":"(anonymous_30)","decl":{"start":{"line":549,"column":23},"end":{"line":549,"column":24}},"loc":{"start":{"line":549,"column":43},"end":{"line":558,"column":1}},"line":549},"31":{"name":"(anonymous_31)","decl":{"start":{"line":560,"column":24},"end":{"line":560,"column":25}},"loc":{"start":{"line":560,"column":44},"end":{"line":587,"column":1}},"line":560},"32":{"name":"(anonymous_32)","decl":{"start":{"line":568,"column":34},"end":{"line":568,"column":35}},"loc":{"start":{"line":568,"column":42},"end":{"line":582,"column":5}},"line":568}},"branchMap":{"0":{"loc":{"start":{"line":16,"column":4},"end":{"line":18,"column":5}},"type":"if","locations":[{"start":{"line":16,"column":4},"end":{"line":18,"column":5}},{"start":{},"end":{}}],"line":16},"1":{"loc":{"start":{"line":32,"column":4},"end":{"line":34,"column":5}},"type":"if","locations":[{"start":{"line":32,"column":4},"end":{"line":34,"column":5}},{"start":{},"end":{}}],"line":32},"2":{"loc":{"start":{"line":49,"column":4},"end":{"line":49,"column":27}},"type":"if","locations":[{"start":{"line":49,"column":4},"end":{"line":49,"column":27}},{"start":{},"end":{}}],"line":49},"3":{"loc":{"start":{"line":54,"column":6},"end":{"line":61,"column":7}},"type":"if","locations":[{"start":{"line":54,"column":6},"end":{"line":61,"column":7}},{"start":{},"end":{}}],"line":54},"4":{"loc":{"start":{"line":54,"column":10},"end":{"line":54,"column":104}},"type":"binary-expr","locations":[{"start":{"line":54,"column":11},"end":{"line":54,"column":30}},{"start":{"line":54,"column":34},"end":{"line":54,"column":86}},{"start":{"line":54,"column":91},"end":{"line":54,"column":104}}],"line":54},"5":{"loc":{"start":{"line":62,"column":28},"end":{"line":62,"column":131}},"type":"binary-expr","locations":[{"start":{"line":62,"column":28},"end":{"line":62,"column":46}},{"start":{"line":62,"column":51},"end":{"line":62,"column":130}}],"line":62},"6":{"loc":{"start":{"line":62,"column":51},"end":{"line":62,"column":130}},"type":"cond-expr","locations":[{"start":{"line":62,"column":71},"end":{"line":62,"column":106}},{"start":{"line":62,"column":109},"end":{"line":62,"column":130}}],"line":62},"7":{"loc":{"start":{"line":62,"column":109},"end":{"line":62,"column":130}},"type":"binary-expr","locations":[{"start":{"line":62,"column":109},"end":{"line":62,"column":122}},{"start":{"line":62,"column":126},"end":{"line":62,"column":130}}],"line":62},"8":{"loc":{"start":{"line":67,"column":18},"end":{"line":67,"column":163}},"type":"cond-expr","locations":[{"start":{"line":67,"column":32},"end":{"line":67,"column":143}},{"start":{"line":67,"column":146},"end":{"line":67,"column":163}}],"line":67},"9":{"loc":{"start":{"line":67,"column":32},"end":{"line":67,"column":143}},"type":"binary-expr","locations":[{"start":{"line":67,"column":32},"end":{"line":67,"column":98}},{"start":{"line":67,"column":102},"end":{"line":67,"column":122}},{"start":{"line":67,"column":126},"end":{"line":67,"column":143}}],"line":67},"10":{"loc":{"start":{"line":67,"column":35},"end":{"line":67,"column":59}},"type":"binary-expr","locations":[{"start":{"line":67,"column":35},"end":{"line":67,"column":53}},{"start":{"line":67,"column":57},"end":{"line":67,"column":59}}],"line":67},"11":{"loc":{"start":{"line":67,"column":63},"end":{"line":67,"column":89}},"type":"binary-expr","locations":[{"start":{"line":67,"column":63},"end":{"line":67,"column":83}},{"start":{"line":67,"column":87},"end":{"line":67,"column":89}}],"line":67},"12":{"loc":{"start":{"line":68,"column":19},"end":{"line":68,"column":82}},"type":"cond-expr","locations":[{"start":{"line":68,"column":35},"end":{"line":68,"column":62}},{"start":{"line":68,"column":65},"end":{"line":68,"column":82}}],"line":68},"13":{"loc":{"start":{"line":69,"column":21},"end":{"line":69,"column":81}},"type":"cond-expr","locations":[{"start":{"line":69,"column":37},"end":{"line":69,"column":62}},{"start":{"line":69,"column":65},"end":{"line":69,"column":81}}],"line":69},"14":{"loc":{"start":{"line":88,"column":4},"end":{"line":90,"column":5}},"type":"if","locations":[{"start":{"line":88,"column":4},"end":{"line":90,"column":5}},{"start":{},"end":{}}],"line":88},"15":{"loc":{"start":{"line":88,"column":8},"end":{"line":88,"column":22}},"type":"binary-expr","locations":[{"start":{"line":88,"column":8},"end":{"line":88,"column":13}},{"start":{"line":88,"column":17},"end":{"line":88,"column":22}}],"line":88},"16":{"loc":{"start":{"line":94,"column":4},"end":{"line":101,"column":5}},"type":"if","locations":[{"start":{"line":94,"column":4},"end":{"line":101,"column":5}},{"start":{},"end":{}}],"line":94},"17":{"loc":{"start":{"line":94,"column":8},"end":{"line":94,"column":102}},"type":"binary-expr","locations":[{"start":{"line":94,"column":9},"end":{"line":94,"column":28}},{"start":{"line":94,"column":32},"end":{"line":94,"column":84}},{"start":{"line":94,"column":89},"end":{"line":94,"column":102}}],"line":94},"18":{"loc":{"start":{"line":102,"column":26},"end":{"line":102,"column":112}},"type":"binary-expr","locations":[{"start":{"line":102,"column":26},"end":{"line":102,"column":44}},{"start":{"line":102,"column":49},"end":{"line":102,"column":111}}],"line":102},"19":{"loc":{"start":{"line":102,"column":49},"end":{"line":102,"column":111}},"type":"cond-expr","locations":[{"start":{"line":102,"column":69},"end":{"line":102,"column":104}},{"start":{"line":102,"column":107},"end":{"line":102,"column":111}}],"line":102},"20":{"loc":{"start":{"line":107,"column":16},"end":{"line":107,"column":161}},"type":"cond-expr","locations":[{"start":{"line":107,"column":30},"end":{"line":107,"column":141}},{"start":{"line":107,"column":144},"end":{"line":107,"column":161}}],"line":107},"21":{"loc":{"start":{"line":107,"column":30},"end":{"line":107,"column":141}},"type":"binary-expr","locations":[{"start":{"line":107,"column":30},"end":{"line":107,"column":96}},{"start":{"line":107,"column":100},"end":{"line":107,"column":120}},{"start":{"line":107,"column":124},"end":{"line":107,"column":141}}],"line":107},"22":{"loc":{"start":{"line":107,"column":33},"end":{"line":107,"column":57}},"type":"binary-expr","locations":[{"start":{"line":107,"column":33},"end":{"line":107,"column":51}},{"start":{"line":107,"column":55},"end":{"line":107,"column":57}}],"line":107},"23":{"loc":{"start":{"line":107,"column":61},"end":{"line":107,"column":87}},"type":"binary-expr","locations":[{"start":{"line":107,"column":61},"end":{"line":107,"column":81}},{"start":{"line":107,"column":85},"end":{"line":107,"column":87}}],"line":107},"24":{"loc":{"start":{"line":108,"column":17},"end":{"line":108,"column":80}},"type":"cond-expr","locations":[{"start":{"line":108,"column":33},"end":{"line":108,"column":60}},{"start":{"line":108,"column":63},"end":{"line":108,"column":80}}],"line":108},"25":{"loc":{"start":{"line":109,"column":19},"end":{"line":109,"column":79}},"type":"cond-expr","locations":[{"start":{"line":109,"column":35},"end":{"line":109,"column":60}},{"start":{"line":109,"column":63},"end":{"line":109,"column":79}}],"line":109},"26":{"loc":{"start":{"line":140,"column":4},"end":{"line":144,"column":5}},"type":"if","locations":[{"start":{"line":140,"column":4},"end":{"line":144,"column":5}},{"start":{},"end":{}}],"line":140},"27":{"loc":{"start":{"line":140,"column":8},"end":{"line":140,"column":40}},"type":"binary-expr","locations":[{"start":{"line":140,"column":8},"end":{"line":140,"column":14}},{"start":{"line":140,"column":18},"end":{"line":140,"column":26}},{"start":{"line":140,"column":30},"end":{"line":140,"column":40}}],"line":140},"28":{"loc":{"start":{"line":147,"column":4},"end":{"line":160,"column":5}},"type":"if","locations":[{"start":{"line":147,"column":4},"end":{"line":160,"column":5}},{"start":{},"end":{}}],"line":147},"29":{"loc":{"start":{"line":151,"column":8},"end":{"line":155,"column":9}},"type":"if","locations":[{"start":{"line":151,"column":8},"end":{"line":155,"column":9}},{"start":{"line":153,"column":15},"end":{"line":155,"column":9}}],"line":151},"30":{"loc":{"start":{"line":163,"column":4},"end":{"line":165,"column":5}},"type":"if","locations":[{"start":{"line":163,"column":4},"end":{"line":165,"column":5}},{"start":{},"end":{}}],"line":163},"31":{"loc":{"start":{"line":164,"column":48},"end":{"line":164,"column":84}},"type":"cond-expr","locations":[{"start":{"line":164,"column":72},"end":{"line":164,"column":80}},{"start":{"line":164,"column":83},"end":{"line":164,"column":84}}],"line":164},"32":{"loc":{"start":{"line":169,"column":4},"end":{"line":178,"column":5}},"type":"if","locations":[{"start":{"line":169,"column":4},"end":{"line":178,"column":5}},{"start":{},"end":{}}],"line":169},"33":{"loc":{"start":{"line":169,"column":8},"end":{"line":169,"column":35}},"type":"binary-expr","locations":[{"start":{"line":169,"column":8},"end":{"line":169,"column":22}},{"start":{"line":169,"column":26},"end":{"line":169,"column":35}}],"line":169},"34":{"loc":{"start":{"line":172,"column":8},"end":{"line":174,"column":9}},"type":"if","locations":[{"start":{"line":172,"column":8},"end":{"line":174,"column":9}},{"start":{},"end":{}}],"line":172},"35":{"loc":{"start":{"line":172,"column":12},"end":{"line":172,"column":79}},"type":"binary-expr","locations":[{"start":{"line":172,"column":12},"end":{"line":172,"column":31}},{"start":{"line":172,"column":35},"end":{"line":172,"column":79}}],"line":172},"36":{"loc":{"start":{"line":190,"column":17},"end":{"line":190,"column":59}},"type":"cond-expr","locations":[{"start":{"line":190,"column":29},"end":{"line":190,"column":52}},{"start":{"line":190,"column":55},"end":{"line":190,"column":59}}],"line":190},"37":{"loc":{"start":{"line":196,"column":24},"end":{"line":196,"column":74}},"type":"cond-expr","locations":[{"start":{"line":196,"column":43},"end":{"line":196,"column":67}},{"start":{"line":196,"column":70},"end":{"line":196,"column":74}}],"line":196},"38":{"loc":{"start":{"line":197,"column":17},"end":{"line":197,"column":34}},"type":"binary-expr","locations":[{"start":{"line":197,"column":17},"end":{"line":197,"column":26}},{"start":{"line":197,"column":30},"end":{"line":197,"column":34}}],"line":197},"39":{"loc":{"start":{"line":208,"column":4},"end":{"line":221,"column":5}},"type":"if","locations":[{"start":{"line":208,"column":4},"end":{"line":221,"column":5}},{"start":{"line":218,"column":11},"end":{"line":221,"column":5}}],"line":208},"40":{"loc":{"start":{"line":208,"column":8},"end":{"line":208,"column":50}},"type":"binary-expr","locations":[{"start":{"line":208,"column":8},"end":{"line":208,"column":29}},{"start":{"line":208,"column":33},"end":{"line":208,"column":50}}],"line":208},"41":{"loc":{"start":{"line":210,"column":6},"end":{"line":214,"column":7}},"type":"if","locations":[{"start":{"line":210,"column":6},"end":{"line":214,"column":7}},{"start":{"line":212,"column":13},"end":{"line":214,"column":7}}],"line":210},"42":{"loc":{"start":{"line":210,"column":10},"end":{"line":210,"column":75}},"type":"binary-expr","locations":[{"start":{"line":210,"column":10},"end":{"line":210,"column":32}},{"start":{"line":210,"column":36},"end":{"line":210,"column":75}}],"line":210},"43":{"loc":{"start":{"line":218,"column":11},"end":{"line":221,"column":5}},"type":"if","locations":[{"start":{"line":218,"column":11},"end":{"line":221,"column":5}},{"start":{},"end":{}}],"line":218},"44":{"loc":{"start":{"line":256,"column":4},"end":{"line":258,"column":5}},"type":"if","locations":[{"start":{"line":256,"column":4},"end":{"line":258,"column":5}},{"start":{},"end":{}}],"line":256},"45":{"loc":{"start":{"line":257,"column":36},"end":{"line":257,"column":84}},"type":"binary-expr","locations":[{"start":{"line":257,"column":36},"end":{"line":257,"column":59}},{"start":{"line":257,"column":63},"end":{"line":257,"column":84}}],"line":257},"46":{"loc":{"start":{"line":260,"column":4},"end":{"line":262,"column":5}},"type":"if","locations":[{"start":{"line":260,"column":4},"end":{"line":262,"column":5}},{"start":{},"end":{}}],"line":260},"47":{"loc":{"start":{"line":265,"column":4},"end":{"line":276,"column":5}},"type":"if","locations":[{"start":{"line":265,"column":4},"end":{"line":276,"column":5}},{"start":{},"end":{}}],"line":265},"48":{"loc":{"start":{"line":268,"column":8},"end":{"line":272,"column":9}},"type":"if","locations":[{"start":{"line":268,"column":8},"end":{"line":272,"column":9}},{"start":{"line":270,"column":15},"end":{"line":272,"column":9}}],"line":268},"49":{"loc":{"start":{"line":277,"column":4},"end":{"line":279,"column":5}},"type":"if","locations":[{"start":{"line":277,"column":4},"end":{"line":279,"column":5}},{"start":{},"end":{}}],"line":277},"50":{"loc":{"start":{"line":278,"column":48},"end":{"line":278,"column":84}},"type":"cond-expr","locations":[{"start":{"line":278,"column":72},"end":{"line":278,"column":80}},{"start":{"line":278,"column":83},"end":{"line":278,"column":84}}],"line":278},"51":{"loc":{"start":{"line":281,"column":4},"end":{"line":283,"column":5}},"type":"if","locations":[{"start":{"line":281,"column":4},"end":{"line":283,"column":5}},{"start":{},"end":{}}],"line":281},"52":{"loc":{"start":{"line":281,"column":8},"end":{"line":281,"column":68}},"type":"binary-expr","locations":[{"start":{"line":281,"column":8},"end":{"line":281,"column":38}},{"start":{"line":281,"column":42},"end":{"line":281,"column":68}}],"line":281},"53":{"loc":{"start":{"line":285,"column":4},"end":{"line":301,"column":5}},"type":"if","locations":[{"start":{"line":285,"column":4},"end":{"line":301,"column":5}},{"start":{},"end":{}}],"line":285},"54":{"loc":{"start":{"line":291,"column":8},"end":{"line":293,"column":9}},"type":"if","locations":[{"start":{"line":291,"column":8},"end":{"line":293,"column":9}},{"start":{},"end":{}}],"line":291},"55":{"loc":{"start":{"line":297,"column":8},"end":{"line":299,"column":9}},"type":"if","locations":[{"start":{"line":297,"column":8},"end":{"line":299,"column":9}},{"start":{},"end":{}}],"line":297},"56":{"loc":{"start":{"line":307,"column":4},"end":{"line":318,"column":5}},"type":"if","locations":[{"start":{"line":307,"column":4},"end":{"line":318,"column":5}},{"start":{},"end":{}}],"line":307},"57":{"loc":{"start":{"line":307,"column":8},"end":{"line":307,"column":68}},"type":"binary-expr","locations":[{"start":{"line":307,"column":8},"end":{"line":307,"column":38}},{"start":{"line":307,"column":42},"end":{"line":307,"column":68}}],"line":307},"58":{"loc":{"start":{"line":309,"column":8},"end":{"line":309,"column":80}},"type":"if","locations":[{"start":{"line":309,"column":8},"end":{"line":309,"column":80}},{"start":{},"end":{}}],"line":309},"59":{"loc":{"start":{"line":309,"column":12},"end":{"line":309,"column":55}},"type":"binary-expr","locations":[{"start":{"line":309,"column":12},"end":{"line":309,"column":37}},{"start":{"line":309,"column":41},"end":{"line":309,"column":55}}],"line":309},"60":{"loc":{"start":{"line":311,"column":8},"end":{"line":313,"column":9}},"type":"if","locations":[{"start":{"line":311,"column":8},"end":{"line":313,"column":9}},{"start":{},"end":{}}],"line":311},"61":{"loc":{"start":{"line":321,"column":4},"end":{"line":330,"column":5}},"type":"if","locations":[{"start":{"line":321,"column":4},"end":{"line":330,"column":5}},{"start":{},"end":{}}],"line":321},"62":{"loc":{"start":{"line":323,"column":8},"end":{"line":325,"column":9}},"type":"if","locations":[{"start":{"line":323,"column":8},"end":{"line":325,"column":9}},{"start":{},"end":{}}],"line":323},"63":{"loc":{"start":{"line":334,"column":4},"end":{"line":342,"column":5}},"type":"if","locations":[{"start":{"line":334,"column":4},"end":{"line":342,"column":5}},{"start":{"line":336,"column":11},"end":{"line":342,"column":5}}],"line":334},"64":{"loc":{"start":{"line":334,"column":8},"end":{"line":334,"column":60}},"type":"binary-expr","locations":[{"start":{"line":334,"column":8},"end":{"line":334,"column":21}},{"start":{"line":334,"column":25},"end":{"line":334,"column":60}}],"line":334},"65":{"loc":{"start":{"line":336,"column":11},"end":{"line":342,"column":5}},"type":"if","locations":[{"start":{"line":336,"column":11},"end":{"line":342,"column":5}},{"start":{"line":338,"column":11},"end":{"line":342,"column":5}}],"line":336},"66":{"loc":{"start":{"line":336,"column":15},"end":{"line":336,"column":57}},"type":"binary-expr","locations":[{"start":{"line":336,"column":15},"end":{"line":336,"column":36}},{"start":{"line":336,"column":40},"end":{"line":336,"column":57}}],"line":336},"67":{"loc":{"start":{"line":338,"column":11},"end":{"line":342,"column":5}},"type":"if","locations":[{"start":{"line":338,"column":11},"end":{"line":342,"column":5}},{"start":{"line":340,"column":11},"end":{"line":342,"column":5}}],"line":338},"68":{"loc":{"start":{"line":341,"column":22},"end":{"line":341,"column":65}},"type":"binary-expr","locations":[{"start":{"line":341,"column":22},"end":{"line":341,"column":40}},{"start":{"line":341,"column":44},"end":{"line":341,"column":57}},{"start":{"line":341,"column":61},"end":{"line":341,"column":65}}],"line":341},"69":{"loc":{"start":{"line":348,"column":4},"end":{"line":348,"column":51}},"type":"if","locations":[{"start":{"line":348,"column":4},"end":{"line":348,"column":51}},{"start":{},"end":{}}],"line":348},"70":{"loc":{"start":{"line":349,"column":4},"end":{"line":349,"column":57}},"type":"if","locations":[{"start":{"line":349,"column":4},"end":{"line":349,"column":57}},{"start":{},"end":{}}],"line":349},"71":{"loc":{"start":{"line":350,"column":4},"end":{"line":350,"column":69}},"type":"if","locations":[{"start":{"line":350,"column":4},"end":{"line":350,"column":69}},{"start":{},"end":{}}],"line":350},"72":{"loc":{"start":{"line":351,"column":4},"end":{"line":351,"column":51}},"type":"if","locations":[{"start":{"line":351,"column":4},"end":{"line":351,"column":51}},{"start":{},"end":{}}],"line":351},"73":{"loc":{"start":{"line":352,"column":4},"end":{"line":352,"column":63}},"type":"if","locations":[{"start":{"line":352,"column":4},"end":{"line":352,"column":63}},{"start":{},"end":{}}],"line":352},"74":{"loc":{"start":{"line":353,"column":4},"end":{"line":353,"column":60}},"type":"if","locations":[{"start":{"line":353,"column":4},"end":{"line":353,"column":60}},{"start":{},"end":{}}],"line":353},"75":{"loc":{"start":{"line":354,"column":4},"end":{"line":354,"column":96}},"type":"if","locations":[{"start":{"line":354,"column":4},"end":{"line":354,"column":96}},{"start":{},"end":{}}],"line":354},"76":{"loc":{"start":{"line":354,"column":53},"end":{"line":354,"column":95}},"type":"cond-expr","locations":[{"start":{"line":354,"column":65},"end":{"line":354,"column":88}},{"start":{"line":354,"column":91},"end":{"line":354,"column":95}}],"line":354},"77":{"loc":{"start":{"line":355,"column":4},"end":{"line":355,"column":84}},"type":"if","locations":[{"start":{"line":355,"column":4},"end":{"line":355,"column":84}},{"start":{},"end":{}}],"line":355},"78":{"loc":{"start":{"line":356,"column":4},"end":{"line":356,"column":63}},"type":"if","locations":[{"start":{"line":356,"column":4},"end":{"line":356,"column":63}},{"start":{},"end":{}}],"line":356},"79":{"loc":{"start":{"line":357,"column":4},"end":{"line":357,"column":116}},"type":"if","locations":[{"start":{"line":357,"column":4},"end":{"line":357,"column":116}},{"start":{},"end":{}}],"line":357},"80":{"loc":{"start":{"line":357,"column":57},"end":{"line":357,"column":115}},"type":"cond-expr","locations":[{"start":{"line":357,"column":71},"end":{"line":357,"column":96}},{"start":{"line":357,"column":99},"end":{"line":357,"column":115}}],"line":357},"81":{"loc":{"start":{"line":358,"column":4},"end":{"line":358,"column":128}},"type":"if","locations":[{"start":{"line":358,"column":4},"end":{"line":358,"column":128}},{"start":{},"end":{}}],"line":358},"82":{"loc":{"start":{"line":358,"column":60},"end":{"line":358,"column":127}},"type":"cond-expr","locations":[{"start":{"line":358,"column":80},"end":{"line":358,"column":111}},{"start":{"line":358,"column":114},"end":{"line":358,"column":127}}],"line":358},"83":{"loc":{"start":{"line":359,"column":4},"end":{"line":359,"column":133}},"type":"if","locations":[{"start":{"line":359,"column":4},"end":{"line":359,"column":133}},{"start":{},"end":{}}],"line":359},"84":{"loc":{"start":{"line":359,"column":62},"end":{"line":359,"column":132}},"type":"cond-expr","locations":[{"start":{"line":359,"column":83},"end":{"line":359,"column":115}},{"start":{"line":359,"column":118},"end":{"line":359,"column":132}}],"line":359},"85":{"loc":{"start":{"line":360,"column":4},"end":{"line":360,"column":133}},"type":"if","locations":[{"start":{"line":360,"column":4},"end":{"line":360,"column":133}},{"start":{},"end":{}}],"line":360},"86":{"loc":{"start":{"line":360,"column":62},"end":{"line":360,"column":132}},"type":"cond-expr","locations":[{"start":{"line":360,"column":83},"end":{"line":360,"column":115}},{"start":{"line":360,"column":118},"end":{"line":360,"column":132}}],"line":360},"87":{"loc":{"start":{"line":361,"column":4},"end":{"line":361,"column":87}},"type":"if","locations":[{"start":{"line":361,"column":4},"end":{"line":361,"column":87}},{"start":{},"end":{}}],"line":361},"88":{"loc":{"start":{"line":361,"column":56},"end":{"line":361,"column":86}},"type":"binary-expr","locations":[{"start":{"line":361,"column":56},"end":{"line":361,"column":69}},{"start":{"line":361,"column":73},"end":{"line":361,"column":86}}],"line":361},"89":{"loc":{"start":{"line":362,"column":4},"end":{"line":362,"column":75}},"type":"if","locations":[{"start":{"line":362,"column":4},"end":{"line":362,"column":75}},{"start":{},"end":{}}],"line":362},"90":{"loc":{"start":{"line":363,"column":4},"end":{"line":363,"column":63}},"type":"if","locations":[{"start":{"line":363,"column":4},"end":{"line":363,"column":63}},{"start":{},"end":{}}],"line":363},"91":{"loc":{"start":{"line":364,"column":4},"end":{"line":364,"column":54}},"type":"if","locations":[{"start":{"line":364,"column":4},"end":{"line":364,"column":54}},{"start":{},"end":{}}],"line":364},"92":{"loc":{"start":{"line":389,"column":4},"end":{"line":391,"column":5}},"type":"if","locations":[{"start":{"line":389,"column":4},"end":{"line":391,"column":5}},{"start":{},"end":{}}],"line":389},"93":{"loc":{"start":{"line":412,"column":46},"end":{"line":412,"column":69}},"type":"binary-expr","locations":[{"start":{"line":412,"column":46},"end":{"line":412,"column":60}},{"start":{"line":412,"column":64},"end":{"line":412,"column":69}}],"line":412},"94":{"loc":{"start":{"line":413,"column":36},"end":{"line":413,"column":79}},"type":"binary-expr","locations":[{"start":{"line":413,"column":36},"end":{"line":413,"column":50}},{"start":{"line":413,"column":54},"end":{"line":413,"column":79}}],"line":413},"95":{"loc":{"start":{"line":430,"column":21},"end":{"line":430,"column":69}},"type":"binary-expr","locations":[{"start":{"line":430,"column":21},"end":{"line":430,"column":44}},{"start":{"line":430,"column":48},"end":{"line":430,"column":69}}],"line":430},"96":{"loc":{"start":{"line":433,"column":18},"end":{"line":434,"column":74}},"type":"cond-expr","locations":[{"start":{"line":434,"column":18},"end":{"line":434,"column":67}},{"start":{"line":434,"column":70},"end":{"line":434,"column":74}}],"line":433},"97":{"loc":{"start":{"line":436,"column":22},"end":{"line":437,"column":64}},"type":"cond-expr","locations":[{"start":{"line":437,"column":21},"end":{"line":437,"column":57}},{"start":{"line":437,"column":60},"end":{"line":437,"column":64}}],"line":436},"98":{"loc":{"start":{"line":438,"column":24},"end":{"line":439,"column":67}},"type":"cond-expr","locations":[{"start":{"line":439,"column":23},"end":{"line":439,"column":60}},{"start":{"line":439,"column":63},"end":{"line":439,"column":67}}],"line":438},"99":{"loc":{"start":{"line":460,"column":8},"end":{"line":465,"column":9}},"type":"if","locations":[{"start":{"line":460,"column":8},"end":{"line":465,"column":9}},{"start":{},"end":{}}],"line":460},"100":{"loc":{"start":{"line":473,"column":8},"end":{"line":476,"column":9}},"type":"if","locations":[{"start":{"line":473,"column":8},"end":{"line":476,"column":9}},{"start":{},"end":{}}],"line":473},"101":{"loc":{"start":{"line":473,"column":12},"end":{"line":473,"column":64}},"type":"binary-expr","locations":[{"start":{"line":473,"column":12},"end":{"line":473,"column":31}},{"start":{"line":473,"column":35},"end":{"line":473,"column":64}}],"line":473},"102":{"loc":{"start":{"line":481,"column":19},"end":{"line":481,"column":49}},"type":"binary-expr","locations":[{"start":{"line":481,"column":19},"end":{"line":481,"column":33}},{"start":{"line":481,"column":37},"end":{"line":481,"column":49}}],"line":481},"103":{"loc":{"start":{"line":482,"column":21},"end":{"line":482,"column":62}},"type":"binary-expr","locations":[{"start":{"line":482,"column":21},"end":{"line":482,"column":37}},{"start":{"line":482,"column":41},"end":{"line":482,"column":62}}],"line":482},"104":{"loc":{"start":{"line":483,"column":25},"end":{"line":483,"column":51}},"type":"binary-expr","locations":[{"start":{"line":483,"column":25},"end":{"line":483,"column":45}},{"start":{"line":483,"column":49},"end":{"line":483,"column":51}}],"line":483},"105":{"loc":{"start":{"line":484,"column":27},"end":{"line":484,"column":57}},"type":"binary-expr","locations":[{"start":{"line":484,"column":27},"end":{"line":484,"column":49}},{"start":{"line":484,"column":53},"end":{"line":484,"column":57}}],"line":484},"106":{"loc":{"start":{"line":485,"column":18},"end":{"line":486,"column":67}},"type":"cond-expr","locations":[{"start":{"line":486,"column":18},"end":{"line":486,"column":60}},{"start":{"line":486,"column":63},"end":{"line":486,"column":67}}],"line":485},"107":{"loc":{"start":{"line":487,"column":23},"end":{"line":487,"column":49}},"type":"binary-expr","locations":[{"start":{"line":487,"column":23},"end":{"line":487,"column":41}},{"start":{"line":487,"column":45},"end":{"line":487,"column":49}}],"line":487},"108":{"loc":{"start":{"line":489,"column":24},"end":{"line":489,"column":49}},"type":"binary-expr","locations":[{"start":{"line":489,"column":24},"end":{"line":489,"column":43}},{"start":{"line":489,"column":47},"end":{"line":489,"column":49}}],"line":489},"109":{"loc":{"start":{"line":490,"column":22},"end":{"line":490,"column":47}},"type":"binary-expr","locations":[{"start":{"line":490,"column":22},"end":{"line":490,"column":39}},{"start":{"line":490,"column":43},"end":{"line":490,"column":47}}],"line":490},"110":{"loc":{"start":{"line":491,"column":27},"end":{"line":491,"column":57}},"type":"binary-expr","locations":[{"start":{"line":491,"column":27},"end":{"line":491,"column":49}},{"start":{"line":491,"column":53},"end":{"line":491,"column":57}}],"line":491},"111":{"loc":{"start":{"line":522,"column":2},"end":{"line":524,"column":3}},"type":"if","locations":[{"start":{"line":522,"column":2},"end":{"line":524,"column":3}},{"start":{},"end":{}}],"line":522},"112":{"loc":{"start":{"line":529,"column":4},"end":{"line":542,"column":5}},"type":"if","locations":[{"start":{"line":529,"column":4},"end":{"line":542,"column":5}},{"start":{"line":540,"column":11},"end":{"line":542,"column":5}}],"line":529},"113":{"loc":{"start":{"line":532,"column":16},"end":{"line":532,"column":32}},"type":"binary-expr","locations":[{"start":{"line":532,"column":16},"end":{"line":532,"column":26}},{"start":{"line":532,"column":30},"end":{"line":532,"column":32}}],"line":532},"114":{"loc":{"start":{"line":533,"column":15},"end":{"line":533,"column":58}},"type":"cond-expr","locations":[{"start":{"line":533,"column":30},"end":{"line":533,"column":53}},{"start":{"line":533,"column":56},"end":{"line":533,"column":58}}],"line":533},"115":{"loc":{"start":{"line":534,"column":16},"end":{"line":534,"column":35}},"type":"binary-expr","locations":[{"start":{"line":534,"column":16},"end":{"line":534,"column":29}},{"start":{"line":534,"column":33},"end":{"line":534,"column":35}}],"line":534},"116":{"loc":{"start":{"line":535,"column":21},"end":{"line":535,"column":43}},"type":"binary-expr","locations":[{"start":{"line":535,"column":21},"end":{"line":535,"column":37}},{"start":{"line":535,"column":41},"end":{"line":535,"column":43}}],"line":535},"117":{"loc":{"start":{"line":536,"column":16},"end":{"line":536,"column":64}},"type":"cond-expr","locations":[{"start":{"line":536,"column":34},"end":{"line":536,"column":59}},{"start":{"line":536,"column":62},"end":{"line":536,"column":64}}],"line":536},"118":{"loc":{"start":{"line":537,"column":17},"end":{"line":537,"column":37}},"type":"binary-expr","locations":[{"start":{"line":537,"column":17},"end":{"line":537,"column":31}},{"start":{"line":537,"column":35},"end":{"line":537,"column":37}}],"line":537},"119":{"loc":{"start":{"line":538,"column":21},"end":{"line":538,"column":45}},"type":"binary-expr","locations":[{"start":{"line":538,"column":21},"end":{"line":538,"column":39}},{"start":{"line":538,"column":43},"end":{"line":538,"column":45}}],"line":538},"120":{"loc":{"start":{"line":562,"column":2},"end":{"line":564,"column":3}},"type":"if","locations":[{"start":{"line":562,"column":2},"end":{"line":564,"column":3}},{"start":{},"end":{}}],"line":562},"121":{"loc":{"start":{"line":570,"column":21},"end":{"line":570,"column":52}},"type":"binary-expr","locations":[{"start":{"line":570,"column":21},"end":{"line":570,"column":31}},{"start":{"line":570,"column":35},"end":{"line":570,"column":46}},{"start":{"line":570,"column":50},"end":{"line":570,"column":52}}],"line":570},"122":{"loc":{"start":{"line":571,"column":22},"end":{"line":573,"column":44}},"type":"cond-expr","locations":[{"start":{"line":572,"column":10},"end":{"line":572,"column":47}},{"start":{"line":573,"column":10},"end":{"line":573,"column":44}}],"line":571},"123":{"loc":{"start":{"line":573,"column":11},"end":{"line":573,"column":29}},"type":"binary-expr","locations":[{"start":{"line":573,"column":11},"end":{"line":573,"column":23}},{"start":{"line":573,"column":27},"end":{"line":573,"column":29}}],"line":573},"124":{"loc":{"start":{"line":574,"column":20},"end":{"line":574,"column":35}},"type":"binary-expr","locations":[{"start":{"line":574,"column":20},"end":{"line":574,"column":29}},{"start":{"line":574,"column":33},"end":{"line":574,"column":35}}],"line":574},"125":{"loc":{"start":{"line":575,"column":24},"end":{"line":575,"column":44}},"type":"binary-expr","locations":[{"start":{"line":575,"column":24},"end":{"line":575,"column":38}},{"start":{"line":575,"column":42},"end":{"line":575,"column":44}}],"line":575},"126":{"loc":{"start":{"line":577,"column":8},"end":{"line":580,"column":37}},"type":"binary-expr","locations":[{"start":{"line":577,"column":8},"end":{"line":577,"column":34}},{"start":{"line":578,"column":8},"end":{"line":578,"column":36}},{"start":{"line":579,"column":8},"end":{"line":579,"column":33}},{"start":{"line":580,"column":8},"end":{"line":580,"column":37}}],"line":577}},"s":{"0":37,"1":37,"2":37,"3":37,"4":37,"5":37,"6":37,"7":37,"8":37,"9":37,"10":0,"11":0,"12":0,"13":0,"14":0,"15":0,"16":37,"17":37,"18":4,"19":2,"20":2,"21":2,"22":37,"23":3,"24":3,"25":3,"26":0,"27":3,"28":0,"29":0,"30":0,"31":0,"32":0,"33":0,"34":0,"35":0,"36":0,"37":0,"38":0,"39":3,"40":3,"41":37,"42":3,"43":3,"44":2,"45":1,"46":1,"47":1,"48":1,"49":0,"50":0,"51":0,"52":0,"53":1,"54":1,"55":1,"56":1,"57":1,"58":37,"59":5,"60":5,"61":5,"62":1,"63":4,"64":1,"65":1,"66":0,"67":0,"68":0,"69":1,"70":2,"71":4,"72":4,"73":5,"74":4,"75":4,"76":1,"77":1,"78":1,"79":1,"80":0,"81":4,"82":4,"83":3,"84":3,"85":3,"86":3,"87":1,"88":1,"89":0,"90":1,"91":2,"92":2,"93":1,"94":3,"95":3,"96":3,"97":3,"98":1,"99":1,"100":37,"101":6,"102":6,"103":6,"104":1,"105":2,"106":6,"107":5,"108":1,"109":4,"110":1,"111":1,"112":1,"113":1,"114":0,"115":0,"116":0,"117":4,"118":1,"119":2,"120":4,"121":4,"122":1,"123":1,"124":0,"125":1,"126":2,"127":2,"128":1,"129":0,"130":0,"131":4,"132":4,"133":2,"134":4,"135":1,"136":2,"137":0,"138":2,"139":2,"140":2,"141":1,"142":1,"143":2,"144":4,"145":1,"146":2,"147":2,"148":1,"149":1,"150":0,"151":4,"152":4,"153":0,"154":4,"155":1,"156":3,"157":1,"158":2,"159":4,"160":4,"161":4,"162":0,"163":4,"164":1,"165":4,"166":0,"167":4,"168":0,"169":4,"170":0,"171":4,"172":0,"173":4,"174":0,"175":4,"176":0,"177":4,"178":0,"179":4,"180":0,"181":4,"182":0,"183":4,"184":0,"185":4,"186":0,"187":4,"188":3,"189":4,"190":3,"191":4,"192":4,"193":4,"194":0,"195":4,"196":4,"197":4,"198":1,"199":1,"200":3,"201":3,"202":2,"203":1,"204":1,"205":37,"206":3,"207":3,"208":2,"209":1,"210":1,"211":1,"212":1,"213":0,"214":1,"215":1,"216":1,"217":1,"218":2,"219":0,"220":1,"221":1,"222":1,"223":1,"224":37,"225":2,"226":2,"227":2,"228":1,"229":1,"230":1,"231":1,"232":1,"233":37,"234":0,"235":0,"236":0,"237":0,"238":0,"239":0,"240":0,"241":0,"242":0,"243":0,"244":0,"245":0,"246":0,"247":0,"248":0,"249":0,"250":0,"251":37,"252":2,"253":2,"254":1,"255":1,"256":1,"257":37,"258":4,"259":4,"260":1,"261":3,"262":3,"263":2,"264":2,"265":2,"266":1,"267":1,"268":1,"269":1,"270":37,"271":2,"272":2,"273":2,"274":1,"275":1,"276":1,"277":37,"278":3,"279":3,"280":1,"281":2,"282":2,"283":1,"284":1,"285":3,"286":3,"287":3,"288":3,"289":3,"290":1,"291":1,"292":37},"f":{"0":0,"1":0,"2":4,"3":3,"4":0,"5":0,"6":0,"7":3,"8":1,"9":1,"10":5,"11":2,"12":5,"13":2,"14":3,"15":6,"16":2,"17":0,"18":2,"19":0,"20":2,"21":2,"22":0,"23":2,"24":3,"25":2,"26":1,"27":0,"28":2,"29":4,"30":2,"31":3,"32":3},"b":{"0":[0,0],"1":[2,2],"2":[0,3],"3":[0,0],"4":[0,0,0],"5":[0,0],"6":[0,0],"7":[0,0],"8":[0,0],"9":[0,0,0],"10":[0,0],"11":[0,0],"12":[0,0],"13":[0,0],"14":[1,1],"15":[2,1],"16":[0,1],"17":[1,1,1],"18":[1,1],"19":[1,0],"20":[1,0],"21":[1,0,0],"22":[1,0],"23":[1,0],"24":[1,0],"25":[1,0],"26":[1,4],"27":[5,4,4],"28":[1,3],"29":[0,0],"30":[4,0],"31":[5,0],"32":[1,3],"33":[4,4],"34":[1,0],"35":[1,1],"36":[0,4],"37":[0,4],"38":[4,4],"39":[1,2],"40":[3,1],"41":[1,0],"42":[1,1],"43":[1,1],"44":[1,5],"45":[2,2],"46":[1,4],"47":[1,3],"48":[1,0],"49":[1,3],"50":[2,0],"51":[1,3],"52":[4,1],"53":[1,3],"54":[2,0],"55":[0,0],"56":[1,3],"57":[4,1],"58":[0,2],"59":[2,0],"60":[2,0],"61":[1,3],"62":[2,0],"63":[0,4],"64":[4,0],"65":[1,3],"66":[4,1],"67":[1,2],"68":[2,2,2],"69":[0,4],"70":[1,3],"71":[0,4],"72":[0,4],"73":[0,4],"74":[0,4],"75":[0,4],"76":[0,0],"77":[0,4],"78":[0,4],"79":[0,4],"80":[0,0],"81":[0,4],"82":[0,0],"83":[0,4],"84":[0,0],"85":[0,4],"86":[0,0],"87":[3,1],"88":[3,2],"89":[3,1],"90":[4,0],"91":[0,4],"92":[1,1],"93":[1,0],"94":[1,0],"95":[1,0],"96":[1,0],"97":[1,0],"98":[1,0],"99":[0,0],"100":[0,0],"101":[0,0],"102":[0,0],"103":[0,0],"104":[0,0],"105":[0,0],"106":[0,0],"107":[0,0],"108":[0,0],"109":[0,0],"110":[0,0],"111":[1,3],"112":[1,1],"113":[1,0],"114":[1,0],"115":[1,0],"116":[1,0],"117":[1,0],"118":[1,0],"119":[1,0],"120":[1,2],"121":[3,0,0],"122":[3,0],"123":[0,0],"124":[3,0],"125":[3,0],"126":[3,2,1,1]},"_coverageSchema":"1a1c01bbd47fc00a2c39e90264f33305004495a9","hash":"d0251aa0c505dd0f53c15aedff12c634af1f4c3e","contentHash":"543496ebe0a5c188bbfb39de526f2b424e3ce77a997ece737f7b7faee250738d"},"C:\\Users\\aless\\OneDrive\\Escritorio\\pf\\BookLoop\\backend\\src\\models\\index.js":{"path":"C:\\Users\\aless\\OneDrive\\Escritorio\\pf\\BookLoop\\backend\\src\\models\\index.js","statementMap":{"0":{"start":{"line":1,"column":13},"end":{"line":1,"column":30}},"1":{"start":{"line":2,"column":13},"end":{"line":2,"column":30}},"2":{"start":{"line":3,"column":16},"end":{"line":3,"column":36}},"3":{"start":{"line":4,"column":17},"end":{"line":4,"column":38}},"4":{"start":{"line":5,"column":13},"end":{"line":5,"column":30}},"5":{"start":{"line":6,"column":20},"end":{"line":6,"column":44}},"6":{"start":{"line":7,"column":15},"end":{"line":7,"column":34}},"7":{"start":{"line":8,"column":14},"end":{"line":8,"column":32}},"8":{"start":{"line":9,"column":17},"end":{"line":9,"column":38}},"9":{"start":{"line":12,"column":0},"end":{"line":22,"column":2}}},"fnMap":{},"branchMap":{},"s":{"0":1,"1":1,"2":1,"3":1,"4":1,"5":1,"6":1,"7":1,"8":1,"9":1},"f":{},"b":{},"_coverageSchema":"1a1c01bbd47fc00a2c39e90264f33305004495a9","hash":"9a8e189351321ece3ffef1edb05108d6d72618e1","contentHash":"0fe0b53f39494a74adf713bf70466988efd140dd3ded28e1b9e17b8a7e79478a"},"C:\\Users\\aless\\OneDrive\\Escritorio\\pf\\BookLoop\\backend\\src\\models\\User.js":{"path":"C:\\Users\\aless\\OneDrive\\Escritorio\\pf\\BookLoop\\backend\\src\\models\\User.js","statementMap":{"0":{"start":{"line":1,"column":17},"end":{"line":1,"column":40}},"1":{"start":{"line":2,"column":15},"end":{"line":2,"column":34}},"2":{"start":{"line":6,"column":26},"end":{"line":6,"column":108}},"3":{"start":{"line":7,"column":2},"end":{"line":7,"column":25}},"4":{"start":{"line":7,"column":13},"end":{"line":7,"column":25}},"5":{"start":{"line":8,"column":2},"end":{"line":8,"column":14}},"6":{"start":{"line":13,"column":26},"end":{"line":13,"column":88}},"7":{"start":{"line":14,"column":2},"end":{"line":14,"column":25}},"8":{"start":{"line":14,"column":13},"end":{"line":14,"column":25}},"9":{"start":{"line":15,"column":2},"end":{"line":15,"column":14}},"10":{"start":{"line":20,"column":26},"end":{"line":20,"column":85}},"11":{"start":{"line":21,"column":2},"end":{"line":21,"column":25}},"12":{"start":{"line":21,"column":13},"end":{"line":21,"column":25}},"13":{"start":{"line":22,"column":2},"end":{"line":22,"column":46}},"14":{"start":{"line":22,"column":34},"end":{"line":22,"column":46}},"15":{"start":{"line":24,"column":2},"end":{"line":24,"column":58}},"16":{"start":{"line":24,"column":46},"end":{"line":24,"column":58}},"17":{"start":{"line":25,"column":2},"end":{"line":25,"column":46}},"18":{"start":{"line":30,"column":25},"end":{"line":30,"column":61}},"19":{"start":{"line":31,"column":26},"end":{"line":31,"column":111}},"20":{"start":{"line":32,"column":2},"end":{"line":38,"column":3}},"21":{"start":{"line":34,"column":4},"end":{"line":36,"column":5}},"22":{"start":{"line":35,"column":6},"end":{"line":35,"column":53}},"23":{"start":{"line":37,"column":4},"end":{"line":37,"column":16}},"24":{"start":{"line":39,"column":2},"end":{"line":39,"column":46}},"25":{"start":{"line":44,"column":22},"end":{"line":44,"column":36}},"26":{"start":{"line":46,"column":2},"end":{"line":48,"column":3}},"27":{"start":{"line":47,"column":4},"end":{"line":47,"column":33}},"28":{"start":{"line":50,"column":2},"end":{"line":52,"column":3}},"29":{"start":{"line":51,"column":4},"end":{"line":51,"column":69}},"30":{"start":{"line":54,"column":26},"end":{"line":54,"column":107}},"31":{"start":{"line":55,"column":2},"end":{"line":55,"column":25}},"32":{"start":{"line":55,"column":13},"end":{"line":55,"column":25}},"33":{"start":{"line":57,"column":2},"end":{"line":57,"column":14}},"34":{"start":{"line":62,"column":20},"end":{"line":62,"column":70}},"35":{"start":{"line":63,"column":2},"end":{"line":63,"column":25}},"36":{"start":{"line":63,"column":13},"end":{"line":63,"column":25}},"37":{"start":{"line":64,"column":2},"end":{"line":64,"column":27}},"38":{"start":{"line":69,"column":2},"end":{"line":69,"column":61}},"39":{"start":{"line":72,"column":0},"end":{"line":84,"column":2}},"40":{"start":{"line":80,"column":4},"end":{"line":80,"column":46}},"41":{"start":{"line":80,"column":33},"end":{"line":80,"column":46}},"42":{"start":{"line":81,"column":4},"end":{"line":81,"column":61}}},"fnMap":{"0":{"name":"getAllUsers","decl":{"start":{"line":5,"column":15},"end":{"line":5,"column":26}},"loc":{"start":{"line":5,"column":29},"end":{"line":9,"column":1}},"line":5},"1":{"name":"getUserById","decl":{"start":{"line":12,"column":15},"end":{"line":12,"column":26}},"loc":{"start":{"line":12,"column":31},"end":{"line":16,"column":1}},"line":12},"2":{"name":"getUserByEmail","decl":{"start":{"line":19,"column":15},"end":{"line":19,"column":29}},"loc":{"start":{"line":19,"column":37},"end":{"line":26,"column":1}},"line":19},"3":{"name":"createUser","decl":{"start":{"line":29,"column":15},"end":{"line":29,"column":25}},"loc":{"start":{"line":29,"column":32},"end":{"line":40,"column":1}},"line":29},"4":{"name":"updateUser","decl":{"start":{"line":43,"column":15},"end":{"line":43,"column":25}},"loc":{"start":{"line":43,"column":39},"end":{"line":58,"column":1}},"line":43},"5":{"name":"deleteUser","decl":{"start":{"line":61,"column":15},"end":{"line":61,"column":25}},"loc":{"start":{"line":61,"column":30},"end":{"line":65,"column":1}},"line":61},"6":{"name":"validPassword","decl":{"start":{"line":68,"column":15},"end":{"line":68,"column":28}},"loc":{"start":{"line":68,"column":60},"end":{"line":70,"column":1}},"line":68},"7":{"name":"(anonymous_7)","decl":{"start":{"line":79,"column":20},"end":{"line":79,"column":21}},"loc":{"start":{"line":79,"column":51},"end":{"line":82,"column":3}},"line":79}},"branchMap":{"0":{"loc":{"start":{"line":7,"column":2},"end":{"line":7,"column":25}},"type":"if","locations":[{"start":{"line":7,"column":2},"end":{"line":7,"column":25}},{"start":{},"end":{}}],"line":7},"1":{"loc":{"start":{"line":14,"column":2},"end":{"line":14,"column":25}},"type":"if","locations":[{"start":{"line":14,"column":2},"end":{"line":14,"column":25}},{"start":{},"end":{}}],"line":14},"2":{"loc":{"start":{"line":21,"column":2},"end":{"line":21,"column":25}},"type":"if","locations":[{"start":{"line":21,"column":2},"end":{"line":21,"column":25}},{"start":{},"end":{}}],"line":21},"3":{"loc":{"start":{"line":22,"column":2},"end":{"line":22,"column":46}},"type":"if","locations":[{"start":{"line":22,"column":2},"end":{"line":22,"column":46}},{"start":{},"end":{}}],"line":22},"4":{"loc":{"start":{"line":22,"column":6},"end":{"line":22,"column":32}},"type":"binary-expr","locations":[{"start":{"line":22,"column":6},"end":{"line":22,"column":11}},{"start":{"line":22,"column":15},"end":{"line":22,"column":32}}],"line":22},"5":{"loc":{"start":{"line":24,"column":2},"end":{"line":24,"column":58}},"type":"if","locations":[{"start":{"line":24,"column":2},"end":{"line":24,"column":58}},{"start":{},"end":{}}],"line":24},"6":{"loc":{"start":{"line":24,"column":6},"end":{"line":24,"column":44}},"type":"binary-expr","locations":[{"start":{"line":24,"column":6},"end":{"line":24,"column":25}},{"start":{"line":24,"column":29},"end":{"line":24,"column":44}}],"line":24},"7":{"loc":{"start":{"line":25,"column":9},"end":{"line":25,"column":45}},"type":"cond-expr","locations":[{"start":{"line":25,"column":31},"end":{"line":25,"column":38}},{"start":{"line":25,"column":41},"end":{"line":25,"column":45}}],"line":25},"8":{"loc":{"start":{"line":32,"column":2},"end":{"line":38,"column":3}},"type":"if","locations":[{"start":{"line":32,"column":2},"end":{"line":38,"column":3}},{"start":{},"end":{}}],"line":32},"9":{"loc":{"start":{"line":34,"column":4},"end":{"line":36,"column":5}},"type":"if","locations":[{"start":{"line":34,"column":4},"end":{"line":36,"column":5}},{"start":{},"end":{}}],"line":34},"10":{"loc":{"start":{"line":34,"column":8},"end":{"line":34,"column":92}},"type":"binary-expr","locations":[{"start":{"line":34,"column":8},"end":{"line":34,"column":30}},{"start":{"line":34,"column":35},"end":{"line":34,"column":48}},{"start":{"line":34,"column":52},"end":{"line":34,"column":91}}],"line":34},"11":{"loc":{"start":{"line":39,"column":9},"end":{"line":39,"column":45}},"type":"cond-expr","locations":[{"start":{"line":39,"column":31},"end":{"line":39,"column":38}},{"start":{"line":39,"column":41},"end":{"line":39,"column":45}}],"line":39},"12":{"loc":{"start":{"line":46,"column":2},"end":{"line":48,"column":3}},"type":"if","locations":[{"start":{"line":46,"column":2},"end":{"line":48,"column":3}},{"start":{},"end":{}}],"line":46},"13":{"loc":{"start":{"line":50,"column":2},"end":{"line":52,"column":3}},"type":"if","locations":[{"start":{"line":50,"column":2},"end":{"line":52,"column":3}},{"start":{},"end":{}}],"line":50},"14":{"loc":{"start":{"line":55,"column":2},"end":{"line":55,"column":25}},"type":"if","locations":[{"start":{"line":55,"column":2},"end":{"line":55,"column":25}},{"start":{},"end":{}}],"line":55},"15":{"loc":{"start":{"line":63,"column":2},"end":{"line":63,"column":25}},"type":"if","locations":[{"start":{"line":63,"column":2},"end":{"line":63,"column":25}},{"start":{},"end":{}}],"line":63},"16":{"loc":{"start":{"line":80,"column":4},"end":{"line":80,"column":46}},"type":"if","locations":[{"start":{"line":80,"column":4},"end":{"line":80,"column":46}},{"start":{},"end":{}}],"line":80},"17":{"loc":{"start":{"line":80,"column":8},"end":{"line":80,"column":31}},"type":"binary-expr","locations":[{"start":{"line":80,"column":8},"end":{"line":80,"column":13}},{"start":{"line":80,"column":17},"end":{"line":80,"column":31}}],"line":80}},"s":{"0":32,"1":32,"2":3,"3":3,"4":0,"5":3,"6":3,"7":3,"8":0,"9":3,"10":8,"11":8,"12":0,"13":8,"14":7,"15":1,"16":0,"17":1,"18":6,"19":6,"20":6,"21":0,"22":0,"23":0,"24":6,"25":4,"26":4,"27":1,"28":3,"29":1,"30":3,"31":3,"32":0,"33":3,"34":2,"35":2,"36":0,"37":2,"38":4,"39":32,"40":4,"41":2,"42":2},"f":{"0":3,"1":3,"2":8,"3":6,"4":4,"5":2,"6":4,"7":4},"b":{"0":[0,3],"1":[0,3],"2":[0,8],"3":[7,1],"4":[8,2],"5":[0,1],"6":[1,1],"7":[1,0],"8":[0,6],"9":[0,0],"10":[0,0,0],"11":[1,5],"12":[1,3],"13":[1,2],"14":[0,3],"15":[0,2],"16":[2,2],"17":[4,3]},"_coverageSchema":"1a1c01bbd47fc00a2c39e90264f33305004495a9","hash":"a8ca09b435ebcf912a66655c07c8c6232b4f3a4c","contentHash":"c1fc4ae85f584af5d09a08d24f04d295024965aaa37f4a8ee6b1b1da522c048c"},"C:\\Users\\aless\\OneDrive\\Escritorio\\pf\\BookLoop\\backend\\src\\models\\Book.js":{"path":"C:\\Users\\aless\\OneDrive\\Escritorio\\pf\\BookLoop\\backend\\src\\models\\Book.js","statementMap":{"0":{"start":{"line":1,"column":17},"end":{"line":1,"column":40}},"1":{"start":{"line":6,"column":26},"end":{"line":6,"column":91}},"2":{"start":{"line":7,"column":2},"end":{"line":7,"column":25}},"3":{"start":{"line":7,"column":13},"end":{"line":7,"column":25}},"4":{"start":{"line":8,"column":2},"end":{"line":8,"column":14}},"5":{"start":{"line":13,"column":26},"end":{"line":17,"column":13}},"6":{"start":{"line":18,"column":2},"end":{"line":18,"column":25}},"7":{"start":{"line":18,"column":13},"end":{"line":18,"column":25}},"8":{"start":{"line":19,"column":2},"end":{"line":19,"column":14}},"9":{"start":{"line":24,"column":26},"end":{"line":24,"column":87}},"10":{"start":{"line":25,"column":2},"end":{"line":25,"column":25}},"11":{"start":{"line":25,"column":13},"end":{"line":25,"column":25}},"12":{"start":{"line":26,"column":2},"end":{"line":26,"column":14}},"13":{"start":{"line":31,"column":26},"end":{"line":31,"column":111}},"14":{"start":{"line":32,"column":2},"end":{"line":32,"column":25}},"15":{"start":{"line":32,"column":13},"end":{"line":32,"column":25}},"16":{"start":{"line":33,"column":2},"end":{"line":33,"column":14}},"17":{"start":{"line":38,"column":20},"end":{"line":38,"column":80}},"18":{"start":{"line":39,"column":2},"end":{"line":39,"column":25}},"19":{"start":{"line":39,"column":13},"end":{"line":39,"column":25}},"20":{"start":{"line":40,"column":2},"end":{"line":40,"column":27}},"21":{"start":{"line":45,"column":26},"end":{"line":45,"column":91}},"22":{"start":{"line":46,"column":2},"end":{"line":46,"column":25}},"23":{"start":{"line":46,"column":13},"end":{"line":46,"column":25}},"24":{"start":{"line":47,"column":2},"end":{"line":47,"column":14}},"25":{"start":{"line":52,"column":26},"end":{"line":52,"column":121}},"26":{"start":{"line":53,"column":2},"end":{"line":53,"column":25}},"27":{"start":{"line":53,"column":13},"end":{"line":53,"column":25}},"28":{"start":{"line":54,"column":2},"end":{"line":54,"column":14}},"29":{"start":{"line":57,"column":0},"end":{"line":65,"column":2}}},"fnMap":{"0":{"name":"getAllBooks","decl":{"start":{"line":5,"column":15},"end":{"line":5,"column":26}},"loc":{"start":{"line":5,"column":29},"end":{"line":9,"column":1}},"line":5},"1":{"name":"getBookById","decl":{"start":{"line":12,"column":15},"end":{"line":12,"column":26}},"loc":{"start":{"line":12,"column":36},"end":{"line":20,"column":1}},"line":12},"2":{"name":"createBook","decl":{"start":{"line":23,"column":15},"end":{"line":23,"column":25}},"loc":{"start":{"line":23,"column":32},"end":{"line":27,"column":1}},"line":23},"3":{"name":"updateBook","decl":{"start":{"line":30,"column":15},"end":{"line":30,"column":25}},"loc":{"start":{"line":30,"column":44},"end":{"line":34,"column":1}},"line":30},"4":{"name":"deleteBook","decl":{"start":{"line":37,"column":15},"end":{"line":37,"column":25}},"loc":{"start":{"line":37,"column":35},"end":{"line":41,"column":1}},"line":37},"5":{"name":"getBooksByUser","decl":{"start":{"line":44,"column":15},"end":{"line":44,"column":29}},"loc":{"start":{"line":44,"column":39},"end":{"line":48,"column":1}},"line":44},"6":{"name":"updateBookCover","decl":{"start":{"line":51,"column":15},"end":{"line":51,"column":30}},"loc":{"start":{"line":51,"column":55},"end":{"line":55,"column":1}},"line":51}},"branchMap":{"0":{"loc":{"start":{"line":7,"column":2},"end":{"line":7,"column":25}},"type":"if","locations":[{"start":{"line":7,"column":2},"end":{"line":7,"column":25}},{"start":{},"end":{}}],"line":7},"1":{"loc":{"start":{"line":18,"column":2},"end":{"line":18,"column":25}},"type":"if","locations":[{"start":{"line":18,"column":2},"end":{"line":18,"column":25}},{"start":{},"end":{}}],"line":18},"2":{"loc":{"start":{"line":25,"column":2},"end":{"line":25,"column":25}},"type":"if","locations":[{"start":{"line":25,"column":2},"end":{"line":25,"column":25}},{"start":{},"end":{}}],"line":25},"3":{"loc":{"start":{"line":32,"column":2},"end":{"line":32,"column":25}},"type":"if","locations":[{"start":{"line":32,"column":2},"end":{"line":32,"column":25}},{"start":{},"end":{}}],"line":32},"4":{"loc":{"start":{"line":39,"column":2},"end":{"line":39,"column":25}},"type":"if","locations":[{"start":{"line":39,"column":2},"end":{"line":39,"column":25}},{"start":{},"end":{}}],"line":39},"5":{"loc":{"start":{"line":46,"column":2},"end":{"line":46,"column":25}},"type":"if","locations":[{"start":{"line":46,"column":2},"end":{"line":46,"column":25}},{"start":{},"end":{}}],"line":46},"6":{"loc":{"start":{"line":53,"column":2},"end":{"line":53,"column":25}},"type":"if","locations":[{"start":{"line":53,"column":2},"end":{"line":53,"column":25}},{"start":{},"end":{}}],"line":53}},"s":{"0":21,"1":4,"2":4,"3":1,"4":3,"5":3,"6":3,"7":0,"8":3,"9":3,"10":3,"11":0,"12":3,"13":2,"14":2,"15":0,"16":2,"17":3,"18":2,"19":0,"20":2,"21":2,"22":2,"23":0,"24":2,"25":2,"26":2,"27":0,"28":2,"29":21},"f":{"0":4,"1":3,"2":3,"3":2,"4":3,"5":2,"6":2},"b":{"0":[1,3],"1":[0,3],"2":[0,3],"3":[0,2],"4":[0,2],"5":[0,2],"6":[0,2]},"_coverageSchema":"1a1c01bbd47fc00a2c39e90264f33305004495a9","hash":"d98f0701b00bdc10d3c731a4e43b8bc0916455c7","contentHash":"397b405aa1bf5fe0d48ac05eafcb1977001c5b714c44a4791e992be04a76f63d"},"C:\\Users\\aless\\OneDrive\\Escritorio\\pf\\BookLoop\\backend\\src\\models\\Profile.js":{"path":"C:\\Users\\aless\\OneDrive\\Escritorio\\pf\\BookLoop\\backend\\src\\models\\Profile.js","statementMap":{"0":{"start":{"line":1,"column":17},"end":{"line":1,"column":40}},"1":{"start":{"line":5,"column":26},"end":{"line":5,"column":69}},"2":{"start":{"line":6,"column":2},"end":{"line":6,"column":25}},"3":{"start":{"line":6,"column":13},"end":{"line":6,"column":25}},"4":{"start":{"line":7,"column":2},"end":{"line":7,"column":14}},"5":{"start":{"line":12,"column":26},"end":{"line":12,"column":91}},"6":{"start":{"line":13,"column":2},"end":{"line":13,"column":25}},"7":{"start":{"line":13,"column":13},"end":{"line":13,"column":25}},"8":{"start":{"line":14,"column":2},"end":{"line":14,"column":14}},"9":{"start":{"line":19,"column":26},"end":{"line":23,"column":13}},"10":{"start":{"line":24,"column":2},"end":{"line":24,"column":25}},"11":{"start":{"line":24,"column":13},"end":{"line":24,"column":25}},"12":{"start":{"line":25,"column":2},"end":{"line":25,"column":14}},"13":{"start":{"line":30,"column":26},"end":{"line":30,"column":93}},"14":{"start":{"line":31,"column":2},"end":{"line":31,"column":25}},"15":{"start":{"line":31,"column":13},"end":{"line":31,"column":25}},"16":{"start":{"line":32,"column":2},"end":{"line":32,"column":14}},"17":{"start":{"line":37,"column":26},"end":{"line":37,"column":104}},"18":{"start":{"line":38,"column":2},"end":{"line":38,"column":25}},"19":{"start":{"line":38,"column":13},"end":{"line":38,"column":25}},"20":{"start":{"line":39,"column":2},"end":{"line":39,"column":14}},"21":{"start":{"line":44,"column":26},"end":{"line"
[...]
"column":15}},{"start":{"line":10,"column":19},"end":{"line":10,"column":29}},{"start":{"line":10,"column":33},"end":{"line":10,"column":44}}],"line":10},"2":{"loc":{"start":{"line":22,"column":37},"end":{"line":22,"column":55}},"type":"cond-expr","locations":[{"start":{"line":22,"column":44},"end":{"line":22,"column":48}},{"start":{"line":22,"column":51},"end":{"line":22,"column":55}}],"line":22},"3":{"loc":{"start":{"line":23,"column":4},"end":{"line":29,"column":5}},"type":"if","locations":[{"start":{"line":23,"column":4},"end":{"line":29,"column":5}},{"start":{},"end":{}}],"line":23},"4":{"loc":{"start":{"line":23,"column":8},"end":{"line":23,"column":29}},"type":"binary-expr","locations":[{"start":{"line":23,"column":8},"end":{"line":23,"column":13}},{"start":{"line":23,"column":17},"end":{"line":23,"column":29}}],"line":23}},"s":{"0":11,"1":11,"2":11,"3":11,"4":12,"5":12,"6":12,"7":12,"8":5,"9":5,"10":7,"11":7,"12":6,"13":6,"14":2,"15":2,"16":4,"17":4,"18":3,"19":2,"20":2,"21":3,"22":3,"23":11},"f":{"0":12},"b":{"0":[5,7],"1":[12,10,8],"2":[5,1],"3":[2,4],"4":[6,5]},"_coverageSchema":"1a1c01bbd47fc00a2c39e90264f33305004495a9","hash":"4c65d9b8036b67b563ba5ea5139bf3b69c468290","contentHash":"d46fc989b84e1a2db14b97e16325a0916cfd2b5c393907b85836655860a8db87"},"C:\\Users\\aless\\OneDrive\\Escritorio\\pf\\BookLoop\\backend\\src\\services\\emailService.js":{"path":"C:\\Users\\aless\\OneDrive\\Escritorio\\pf\\BookLoop\\backend\\src\\services\\emailService.js","statementMap":{"0":{"start":{"line":1,"column":20},"end":{"line":1,"column":52}},"1":{"start":{"line":4,"column":26},"end":{"line":47,"column":1}},"2":{"start":{"line":5,"column":2},"end":{"line":46,"column":3}},"3":{"start":{"line":6,"column":24},"end":{"line":38,"column":5}},"4":{"start":{"line":40,"column":17},"end":{"line":40,"column":56}},"5":{"start":{"line":41,"column":4},"end":{"line":41,"column":50}},"6":{"start":{"line":42,"column":4},"end":{"line":42,"column":16}},"7":{"start":{"line":44,"column":4},"end":{"line":44,"column":50}},"8":{"start":{"line":45,"column":4},"end":{"line":45,"column":16}},"9":{"start":{"line":49,"column":0},"end":{"line":51,"column":2}}},"fnMap":{"0":{"name":"(anonymous_0)","decl":{"start":{"line":4,"column":26},"end":{"line":4,"column":27}},"loc":{"start":{"line":4,"column":87},"end":{"line":47,"column":1}},"line":4}},"branchMap":{},"s":{"0":1,"1":1,"2":0,"3":0,"4":0,"5":0,"6":0,"7":0,"8":0,"9":1},"f":{"0":0},"b":{},"_coverageSchema":"1a1c01bbd47fc00a2c39e90264f33305004495a9","hash":"83f861c5df2b43acd3ab88e55122646c9a110056","contentHash":"d91fa021239d65a160955065d365c891862904a61144429cf803bc403524c26e"},"C:\\Users\\aless\\OneDrive\\Escritorio\\pf\\BookLoop\\backend\\src\\config\\emailConfig.js":{"path":"C:\\Users\\aless\\OneDrive\\Escritorio\\pf\\BookLoop\\backend\\src\\config\\emailConfig.js","statementMap":{"0":{"start":{"line":1,"column":19},"end":{"line":1,"column":40}},"1":{"start":{"line":3,"column":20},"end":{"line":12,"column":2}},"2":{"start":{"line":15,"column":0},"end":{"line":21,"column":3}},"3":{"start":{"line":16,"column":2},"end":{"line":20,"column":3}},"4":{"start":{"line":17,"column":4},"end":{"line":17,"column":63}},"5":{"start":{"line":19,"column":4},"end":{"line":19,"column":64}},"6":{"start":{"line":23,"column":0},"end":{"line":23,"column":29}}},"fnMap":{"0":{"name":"(anonymous_0)","decl":{"start":{"line":15,"column":19},"end":{"line":15,"column":20}},"loc":{"start":{"line":15,"column":39},"end":{"line":21,"column":1}},"line":15}},"branchMap":{"0":{"loc":{"start":{"line":16,"column":2},"end":{"line":20,"column":3}},"type":"if","locations":[{"start":{"line":16,"column":2},"end":{"line":20,"column":3}},{"start":{"line":18,"column":9},"end":{"line":20,"column":3}}],"line":16}},"s":{"0":1,"1":1,"2":1,"3":1,"4":1,"5":0,"6":1},"f":{"0":1},"b":{"0":[1,0]},"_coverageSchema":"1a1c01bbd47fc00a2c39e90264f33305004495a9","hash":"bf91dcf6d99b13d5b953c00aa2bf680d57f29dce","contentHash":"72c4adf03553768be7928c8a493250bd3e16bb99d8c924bca9c7f1b5261eff4e"},"C:\\Users\\aless\\OneDrive\\Escritorio\\pf\\BookLoop\\backend\\src\\models\\Solicitud.js":{"path":"C:\\Users\\aless\\OneDrive\\Escritorio\\pf\\BookLoop\\backend\\src\\models\\Solicitud.js","statementMap":{"0":{"start":{"line":1,"column":17},"end":{"line":1,"column":40}},"1":{"start":{"line":5,"column":26},"end":{"line":7,"column":22}},"2":{"start":{"line":8,"column":2},"end":{"line":8,"column":25}},"3":{"start":{"line":8,"column":13},"end":{"line":8,"column":25}},"4":{"start":{"line":9,"column":2},"end":{"line":9,"column":14}},"5":{"start":{"line":14,"column":26},"end":{"line":18,"column":46}},"6":{"start":{"line":20,"column":19},"end":{"line":20,"column":90}},"7":{"start":{"line":20,"column":52},"end":{"line":20,"column":89}},"8":{"start":{"line":21,"column":2},"end":{"line":21,"column":18}},"9":{"start":{"line":22,"column":2},"end":{"line":22,"column":25}},"10":{"start":{"line":22,"column":13},"end":{"line":22,"column":25}},"11":{"start":{"line":23,"column":2},"end":{"line":23,"column":14}},"12":{"start":{"line":26,"column":0},"end":{"line":29,"column":2}}},"fnMap":{"0":{"name":"createSolicitud","decl":{"start":{"line":4,"column":15},"end":{"line":4,"column":30}},"loc":{"start":{"line":4,"column":65},"end":{"line":10,"column":1}},"line":4},"1":{"name":"getSolicitudesBySeller","decl":{"start":{"line":13,"column":15},"end":{"line":13,"column":37}},"loc":{"start":{"line":13,"column":49},"end":{"line":24,"column":1}},"line":13},"2":{"name":"(anonymous_2)","decl":{"start":{"line":20,"column":39},"end":{"line":20,"column":40}},"loc":{"start":{"line":20,"column":52},"end":{"line":20,"column":89}},"line":20}},"branchMap":{"0":{"loc":{"start":{"line":8,"column":2},"end":{"line":8,"column":25}},"type":"if","locations":[{"start":{"line":8,"column":2},"end":{"line":8,"column":25}},{"start":{},"end":{}}],"line":8},"1":{"loc":{"start":{"line":20,"column":20},"end":{"line":20,"column":30}},"type":"binary-expr","locations":[{"start":{"line":20,"column":20},"end":{"line":20,"column":24}},{"start":{"line":20,"column":28},"end":{"line":20,"column":30}}],"line":20},"2":{"loc":{"start":{"line":22,"column":2},"end":{"line":22,"column":25}},"type":"if","locations":[{"start":{"line":22,"column":2},"end":{"line":22,"column":25}},{"start":{},"end":{}}],"line":22}},"s":{"0":11,"1":3,"2":3,"3":0,"4":3,"5":7,"6":7,"7":2,"8":7,"9":0,"10":0,"11":0,"12":11},"f":{"0":3,"1":7,"2":2},"b":{"0":[0,3],"1":[7,6],"2":[0,0]},"_coverageSchema":"1a1c01bbd47fc00a2c39e90264f33305004495a9","hash":"d9e63a2f6c64aae2f50d5113bce2f1ad41e093a7","contentHash":"b1306727209a126457c1287ca0f580aa530940ebdb01d3be0ecc59b68bbbfa32"},"C:\\Users\\aless\\OneDrive\\Escritorio\\pf\\BookLoop\\backend\\src\\routes\\userRoutes.js":{"path":"C:\\Users\\aless\\OneDrive\\Escritorio\\pf\\BookLoop\\backend\\src\\routes\\userRoutes.js","statementMap":{"0":{"start":{"line":1,"column":16},"end":{"line":1,"column":34}},"1":{"start":{"line":2,"column":15},"end":{"line":2,"column":31}},"2":{"start":{"line":11,"column":4},"end":{"line":11,"column":44}},"3":{"start":{"line":12,"column":45},"end":{"line":12,"column":72}},"4":{"start":{"line":14,"column":0},"end":{"line":14,"column":26}},"5":{"start":{"line":15,"column":0},"end":{"line":15,"column":32}},"6":{"start":{"line":16,"column":0},"end":{"line":16,"column":29}},"7":{"start":{"line":17,"column":0},"end":{"line":17,"column":37}},"8":{"start":{"line":18,"column":0},"end":{"line":18,"column":33}},"9":{"start":{"line":19,"column":0},"end":{"line":19,"column":31}},"10":{"start":{"line":20,"column":0},"end":{"line":20,"column":34}},"11":{"start":{"line":23,"column":0},"end":{"line":23,"column":60}},"12":{"start":{"line":25,"column":0},"end":{"line":25,"column":24}}},"fnMap":{},"branchMap":{},"s":{"0":1,"1":1,"2":1,"3":1,"4":1,"5":1,"6":1,"7":1,"8":1,"9":1,"10":1,"11":1,"12":1},"f":{},"b":{},"_coverageSchema":"1a1c01bbd47fc00a2c39e90264f33305004495a9","hash":"a0630c1c6c83b53df2150de432491228028d864a","contentHash":"ca80898a7e7149b4fe16570c3b25faebd9b783bd546aa44546f7aee4d6bc3e76"},"C:\\Users\\aless\\OneDrive\\Escritorio\\pf\\BookLoop\\backend\\src\\controllers\\userController.js":{"path":"C:\\Users\\aless\\OneDrive\\Escritorio\\pf\\BookLoop\\backend\\src\\controllers\\userController.js","statementMap":{"0":{"start":{"line":1,"column":17},"end":{"line":1,"column":37}},"1":{"start":{"line":2,"column":12},"end":{"line":2,"column":35}},"2":{"start":{"line":4,"column":19},"end":{"line":4,"column":63}},"3":{"start":{"line":7,"column":17},"end":{"line":15,"column":1}},"4":{"start":{"line":8,"column":2},"end":{"line":14,"column":3}},"5":{"start":{"line":9,"column":18},"end":{"line":9,"column":42}},"6":{"start":{"line":10,"column":4},"end":{"line":10,"column":20}},"7":{"start":{"line":12,"column":4},"end":{"line":12,"column":55}},"8":{"start":{"line":13,"column":4},"end":{"line":13,"column":67}},"9":{"start":{"line":18,"column":20},"end":{"line":30,"column":1}},"10":{"start":{"line":19,"column":2},"end":{"line":29,"column":3}},"11":{"start":{"line":20,"column":17},"end":{"line":20,"column":54}},"12":{"start":{"line":21,"column":4},"end":{"line":25,"column":5}},"13":{"start":{"line":22,"column":6},"end":{"line":22,"column":21}},"14":{"start":{"line":24,"column":6},"end":{"line":24,"column":65}},"15":{"start":{"line":27,"column":4},"end":{"line":27,"column":54}},"16":{"start":{"line":28,"column":4},"end":{"line":28,"column":66}},"17":{"start":{"line":33,"column":18},"end":{"line":68,"column":1}},"18":{"start":{"line":34,"column":2},"end":{"line":67,"column":3}},"19":{"start":{"line":35,"column":32},"end":{"line":35,"column":40}},"20":{"start":{"line":37,"column":17},"end":{"line":37,"column":49}},"21":{"start":{"line":38,"column":4},"end":{"line":40,"column":5}},"22":{"start":{"line":39,"column":6},"end":{"line":39,"column":73}},"23":{"start":{"line":42,"column":26},"end":{"line":42,"column":69}},"24":{"start":{"line":43,"column":4},"end":{"line":45,"column":5}},"25":{"start":{"line":44,"column":6},"end":{"line":44,"column":73}},"26":{"start":{"line":47,"column":18},"end":{"line":51,"column":5}},"27":{"start":{"line":53,"column":4},"end":{"line":63,"column":7}},"28":{"start":{"line":65,"column":4},"end":{"line":65,"column":44}},"29":{"start":{"line":66,"column":4},"end":{"line":66,"column":65}},"30":{"start":{"line":71,"column":19},"end":{"line":95,"column":1}},"31":{"start":{"line":72,"column":2},"end":{"line":94,"column":3}},"32":{"start":{"line":73,"column":60},"end":{"line":73,"column":68}},"33":{"start":{"line":75,"column":25},"end":{"line":75,"column":57}},"34":{"start":{"line":76,"column":4},"end":{"line":78,"column":5}},"35":{"start":{"line":77,"column":6},"end":{"line":77,"column":78}},"36":{"start":{"line":80,"column":4},"end":{"line":88,"column":7}},"37":{"start":{"line":90,"column":4},"end":{"line":90,"column":73}},"38":{"start":{"line":92,"column":4},"end":{"line":92,"column":52}},"39":{"start":{"line":93,"column":4},"end":{"line":93,"column":64}},"40":{"start":{"line":98,"column":19},"end":{"line":112,"column":1}},"41":{"start":{"line":99,"column":2},"end":{"line":111,"column":3}},"42":{"start":{"line":100,"column":17},"end":{"line":100,"column":54}},"43":{"start":{"line":101,"column":4},"end":{"line":103,"column":5}},"44":{"start":{"line":102,"column":6},"end":{"line":102,"column":72}},"45":{"start":{"line":105,"column":41},"end":{"line":105,"column":49}},"46":{"start":{"line":106,"column":20},"end":{"line":106,"column":68}},"47":{"start":{"line":107,"column":4},"end":{"line":107,"column":22}},"48":{"start":{"line":109,"column":4},"end":{"line":109,"column":57}},"49":{"start":{"line":110,"column":4},"end":{"line":110,"column":69}},"50":{"start":{"line":115,"column":27},"end":{"line":138,"column":1}},"51":{"start":{"line":116,"column":2},"end":{"line":137,"column":3}},"52":{"start":{"line":117,"column":4},"end":{"line":119,"column":5}},"53":{"start":{"line":118,"column":6},"end":{"line":118,"column":79}},"54":{"start":{"line":121,"column":17},"end":{"line":121,"column":54}},"55":{"start":{"line":122,"column":4},"end":{"line":124,"column":5}},"56":{"start":{"line":123,"column":6},"end":{"line":123,"column":72}},"57":{"start":{"line":126,"column":21},"end":{"line":126,"column":61}},"58":{"start":{"line":127,"column":20},"end":{"line":127,"column":81}},"59":{"start":{"line":129,"column":4},"end":{"line":133,"column":7}},"60":{"start":{"line":135,"column":4},"end":{"line":135,"column":59}},"61":{"start":{"line":136,"column":4},"end":{"line":136,"column":71}},"62":{"start":{"line":141,"column":19},"end":{"line":154,"column":1}},"63":{"start":{"line":142,"column":2},"end":{"line":153,"column":3}},"64":{"start":{"line":143,"column":17},"end":{"line":143,"column":54}},"65":{"start":{"line":144,"column":4},"end":{"line":149,"column":5}},"66":{"start":{"line":145,"column":6},"end":{"line":145,"column":43}},"67":{"start":{"line":146,"column":6},"end":{"line":146,"column":49}},"68":{"start":{"line":148,"column":6},"end":{"line":148,"column":65}},"69":{"start":{"line":151,"column":4},"end":{"line":151,"column":55}},"70":{"start":{"line":152,"column":4},"end":{"line":152,"column":67}},"71":{"start":{"line":156,"column":0},"end":{"line":164,"column":2}}},"fnMap":{"0":{"name":"(anonymous_0)","decl":{"start":{"line":7,"column":17},"end":{"line":7,"column":18}},"loc":{"start":{"line":7,"column":37},"end":{"line":15,"column":1}},"line":7},"1":{"name":"(anonymous_1)","decl":{"start":{"line":18,"column":20},"end":{"line":18,"column":21}},"loc":{"start":{"line":18,"column":40},"end":{"line":30,"column":1}},"line":18},"2":{"name":"(anonymous_2)","decl":{"start":{"line":33,"column":18},"end":{"line":33,"column":19}},"loc":{"start":{"line":33,"column":38},"end":{"line":68,"column":1}},"line":33},"3":{"name":"(anonymous_3)","decl":{"start":{"line":71,"column":19},"end":{"line":71,"column":20}},"loc":{"start":{"line":71,"column":39},"end":{"line":95,"column":1}},"line":71},"4":{"name":"(anonymous_4)","decl":{"start":{"line":98,"column":19},"end":{"line":98,"column":20}},"loc":{"start":{"line":98,"column":39},"end":{"line":112,"column":1}},"line":98},"5":{"name":"(anonymous_5)","decl":{"start":{"line":115,"column":27},"end":{"line":115,"column":28}},"loc":{"start":{"line":115,"column":47},"end":{"line":138,"column":1}},"line":115},"6":{"name":"(anonymous_6)","decl":{"start":{"line":141,"column":19},"end":{"line":141,"column":20}},"loc":{"start":{"line":141,"column":39},"end":{"line":154,"column":1}},"line":141}},"branchMap":{"0":{"loc":{"start":{"line":4,"column":19},"end":{"line":4,"column":63}},"type":"binary-expr","locations":[{"start":{"line":4,"column":19},"end":{"line":4,"column":41}},{"start":{"line":4,"column":45},"end":{"line":4,"column":63}}],"line":4},"1":{"loc":{"start":{"line":21,"column":4},"end":{"line":25,"column":5}},"type":"if","locations":[{"start":{"line":21,"column":4},"end":{"line":25,"column":5}},{"start":{"line":23,"column":11},"end":{"line":25,"column":5}}],"line":21},"2":{"loc":{"start":{"line":38,"column":4},"end":{"line":40,"column":5}},"type":"if","locations":[{"start":{"line":38,"column":4},"end":{"line":40,"column":5}},{"start":{},"end":{}}],"line":38},"3":{"loc":{"start":{"line":43,"column":4},"end":{"line":45,"column":5}},"type":"if","locations":[{"start":{"line":43,"column":4},"end":{"line":45,"column":5}},{"start":{},"end":{}}],"line":43},"4":{"loc":{"start":{"line":76,"column":4},"end":{"line":78,"column":5}},"type":"if","locations":[{"start":{"line":76,"column":4},"end":{"line":78,"column":5}},{"start":{},"end":{}}],"line":76},"5":{"loc":{"start":{"line":101,"column":4},"end":{"line":103,"column":5}},"type":"if","locations":[{"start":{"line":101,"column":4},"end":{"line":103,"column":5}},{"start":{},"end":{}}],"line":101},"6":{"loc":{"start":{"line":117,"column":4},"end":{"line":119,"column":5}},"type":"if","locations":[{"start":{"line":117,"column":4},"end":{"line":119,"column":5}},{"start":{},"end":{}}],"line":117},"7":{"loc":{"start":{"line":122,"column":4},"end":{"line":124,"column":5}},"type":"if","locations":[{"start":{"line":122,"column":4},"end":{"line":124,"column":5}},{"start":{},"end":{}}],"line":122},"8":{"loc":{"start":{"line":144,"column":4},"end":{"line":149,"column":5}},"type":"if","locations":[{"start":{"line":144,"column":4},"end":{"line":149,"column":5}},{"start":{"line":147,"column":11},"end":{"line":149,"column":5}}],"line":144}},"s":{"0":24,"1":24,"2":24,"3":24,"4":2,"5":2,"6":1,"7":1,"8":1,"9":24,"10":3,"11":3,"12":2,"13":1,"14":1,"15":1,"16":1,"17":24,"18":5,"19":5,"20":5,"21":4,"22":1,"23":3,"24":3,"25":1,"26":2,"27":2,"28":1,"29":1,"30":24,"31":3,"32":3,"33":3,"34":3,"35":1,"36":2,"37":1,"38":1,"39":1,"40":24,"41":3,"42":3,"43":2,"44":1,"45":1,"46":1,"47":1,"48":1,"49":1,"50":24,"51":4,"52":4,"53":1,"54":3,"55":2,"56":1,"57":1,"58":1,"59":1,"60":1,"61":1,"62":24,"63":3,"64":3,"65":2,"66":1,"67":1,"68":1,"69":1,"70":1,"71":24},"f":{"0":2,"1":3,"2":5,"3":3,"4":3,"5":4,"6":3},"b":{"0":[24,0],"1":[1,1],"2":[1,3],"3":[1,2],"4":[1,2],"5":[1,1],"6":[1,3],"7":[1,1],"8":[1,1]},"_coverageSchema":"1a1c01bbd47fc00a2c39e90264f33305004495a9","hash":"f4925f9c4d062727856cc505cc9bd02e97ceb463","contentHash":"ed5f739896af8f5bd112750b0a496b7bd2d9e5253104f9d7f81584e33157e677"},"C:\\Users\\aless\\OneDrive\\Escritorio\\pf\\BookLoop\\backend\\src\\config\\multer.js":{"path":"C:\\Users\\aless\\OneDrive\\Escritorio\\pf\\BookLoop\\backend\\src\\config\\multer.js","statementMap":{"0":{"start":{"line":1,"column":15},"end":{"line":1,"column":32}},"1":{"start":{"line":2,"column":13},"end":{"line":2,"column":28}},"2":{"start":{"line":3,"column":11},"end":{"line":3,"column":24}},"3":{"start":{"line":5,"column":16},"end":{"line":21,"column":2}},"4":{"start":{"line":7,"column":23},"end":{"line":7,"column":69}},"5":{"start":{"line":9,"column":4},"end":{"line":11,"column":5}},"6":{"start":{"line":10,"column":6},"end":{"line":10,"column":52}},"7":{"start":{"line":13,"column":4},"end":{"line":13,"column":25}},"8":{"start":{"line":16,"column":19},"end":{"line":16,"column":32}},"9":{"start":{"line":17,"column":22},"end":{"line":17,"column":53}},"10":{"start":{"line":18,"column":21},"end":{"line":18,"column":66}},"11":{"start":{"line":19,"column":4},"end":{"line":19,"column":23}},"12":{"start":{"line":23,"column":19},"end":{"line":29,"column":1}},"13":{"start":{"line":24,"column":2},"end":{"line":28,"column":3}},"14":{"start":{"line":25,"column":4},"end":{"line":25,"column":19}},"15":{"start":{"line":27,"column":4},"end":{"line":27,"column":64}},"16":{"start":{"line":31,"column":15},"end":{"line":38,"column":2}},"17":{"start":{"line":40,"column":0},"end":{"line":42,"column":2}}},"fnMap":{"0":{"name":"(anonymous_0)","decl":{"start":{"line":6,"column":15},"end":{"line":6,"column":16}},"loc":{"start":{"line":6,"column":34},"end":{"line":14,"column":3}},"line":6},"1":{"name":"(anonymous_1)","decl":{"start":{"line":15,"column":12},"end":{"line":15,"column":13}},"loc":{"start":{"line":15,"column":31},"end":{"line":20,"column":3}},"line":15},"2":{"name":"(anonymous_2)","decl":{"start":{"line":23,"column":19},"end":{"line":23,"column":20}},"loc":{"start":{"line":23,"column":38},"end":{"line":29,"column":1}},"line":23}},"branchMap":{"0":{"loc":{"start":{"line":9,"column":4},"end":{"line":11,"column":5}},"type":"if","locations":[{"start":{"line":9,"column":4},"end":{"line":11,"column":5}},{"start":{},"end":{}}],"line":9},"1":{"loc":{"start":{"line":24,"column":2},"end":{"line":28,"column":3}},"type":"if","locations":[{"start":{"line":24,"column":2},"end":{"line":28,"column":3}},{"start":{"line":26,"column":9},"end":{"line":28,"column":3}}],"line":24}},"s":{"0":1,"1":1,"2":1,"3":1,"4":0,"5":0,"6":0,"7":0,"8":0,"9":0,"10":0,"11":0,"12":1,"13":0,"14":0,"15":0,"16":1,"17":1},"f":{"0":0,"1":0,"2":0},"b":{"0":[0,0],"1":[0,0]},"_coverageSchema":"1a1c01bbd47fc00a2c39e90264f33305004495a9","hash":"9e52762e1bf9f060c5d09fe34ad408e159a8d7fe","contentHash":"d46ec282e85ac01ae65a174c87f4f766b168df9b75cf01e97a43b7b2b39c1322"}}